This file contains any messages produced by compilers while
running configure, to aid debugging if configure makes a mistake.

It was created by ESPRESSO configure 6.1, which was
generated by GNU Autoconf 2.63.  Invocation command line was

  $ ./install/configure 

## --------- ##
## Platform. ##
## --------- ##

hostname = build.stampede2.tacc.utexas.edu
uname -m = x86_64
uname -r = 3.10.0-514.10.2.el7.x86_64
uname -s = Linux
uname -v = #1 SMP Fri Mar 3 00:04:05 UTC 2017

/usr/bin/uname -p = x86_64
/bin/uname -X     = unknown

/bin/arch              = x86_64
/usr/bin/arch -k       = unknown
/usr/convex/getsysinfo = unknown
/usr/bin/hostinfo      = unknown
/bin/machine           = unknown
/usr/bin/oslevel       = unknown
/bin/universe          = unknown

PATH: /opt/intel/compilers_and_libraries_2017.4.196/linux/mpi/intel64/bin
PATH: /opt/intel/compilers_and_libraries/linux/bin/intel64
PATH: /opt/apps/gcc/5.4.0/bin
PATH: /opt/apps/tacc_build_rpm/0.9.5/bin
PATH: /usr/bin
PATH: /usr/lib64/qt-3.3/bin
PATH: /sbin
PATH: /usr/local/sbin
PATH: /usr/local/bin
PATH: /usr/sbin
PATH: /usr/bin
PATH: /root/bin
PATH: /root/bin


## ----------- ##
## Core tests. ##
## ----------- ##

configure:1985: checking build system type
configure:2003: result: x86_64-pc-linux-gnu
configure:2029: checking ARCH
configure:2077: result: x86_64
configure:2099: checking setting AR... 
configure:2105: result: ar
configure:2109: checking setting ARFLAGS... 
configure:2124: result: ruv
configure:2363: checking for Fortran compiler version
configure:2371: ifort --version >&5
ifort (IFORT) 17.0.4 20170411
Copyright (C) 1985-2017 Intel Corporation.  All rights reserved.

configure:2375: $? = 0
configure:2382: ifort -v >&5
ifort version 17.0.4
configure:2386: $? = 0
configure:2393: ifort -V >&5
Intel(R) Fortran Intel(R) 64 Compiler for applications running on Intel(R) 64, Version 17.0.4.196 Build 20170411
Copyright (C) 1985-2017 Intel Corporation.  All rights reserved.

configure:2397: $? = 0
configure:2411: checking for Fortran compiler default output file name
configure:2433: ifort  -Wl,--as-needed -liomp5 -Wl,--no-as-needed  conftest.f  >&5
configure:2437: $? = 0
configure:2475: result: a.out
configure:2494: checking whether the Fortran compiler works
configure:2504: ./a.out
configure:2508: $? = 0
configure:2527: result: yes
configure:2534: checking whether we are cross compiling
configure:2536: result: no
configure:2539: checking for suffix of executables
configure:2546: ifort -o conftest  -Wl,--as-needed -liomp5 -Wl,--no-as-needed  conftest.f  >&5
configure:2550: $? = 0
configure:2576: result: 
configure:2582: checking for suffix of object files
configure:2598: ifort -c   conftest.f >&5
configure:2602: $? = 0
configure:2627: result: o
configure:2635: checking whether we are using the GNU Fortran compiler
configure:2654: ifort -c   conftest.F >&5
conftest.F(3): error #5082: Syntax error, found END-OF-STATEMENT when expecting one of: => = . [ % ( :
       choke me
---------------^
compilation aborted for conftest.F (code 1)
configure:2661: $? = 1
configure: failed program was:
|       program main
| #ifndef __GNUC__
|        choke me
| #endif
| 
|       end
configure:2678: result: no
configure:2684: checking whether ifort accepts -g
configure:2701: ifort -c -g  conftest.f >&5
configure:2708: $? = 0
configure:2724: result: yes
configure:2753: checking for Fortran flag to compile .f90 files
configure:2775: ifort -c -g  conftest.f90 >&5
configure:2782: $? = 0
configure:2801: result: none
configure:2888: checking for mpif90
configure:2904: found /opt/intel/compilers_and_libraries_2017.4.196/linux/mpi/intel64/bin/mpif90
configure:2915: result: mpif90
configure:2941: checking for Fortran compiler version
configure:2949: mpif90 --version >&5
ifort (IFORT) 17.0.4 20170411
Copyright (C) 1985-2017 Intel Corporation.  All rights reserved.

configure:2953: $? = 0
configure:2960: mpif90 -v >&5
mpif90 for the Intel(R) MPI Library 2017 Update 3 for Linux*
Copyright(C) 2003-2017, Intel Corporation.  All rights reserved.
ifort version 17.0.4
configure:2964: $? = 0
configure:2971: mpif90 -V >&5
Intel(R) Fortran Intel(R) 64 Compiler for applications running on Intel(R) 64, Version 17.0.4.196 Build 20170411
Copyright (C) 1985-2017 Intel Corporation.  All rights reserved.

configure:2975: $? = 0
configure:2983: checking whether we are using the GNU Fortran compiler
configure:3002: mpif90 -c -g  conftest.F >&5
conftest.F(3): error #5082: Syntax error, found END-OF-STATEMENT when expecting one of: => = . [ % ( :
       choke me
---------------^
compilation aborted for conftest.F (code 1)
configure:3009: $? = 1
configure: failed program was:
|       program main
| #ifndef __GNUC__
|        choke me
| #endif
| 
|       end
configure:3026: result: no
configure:3032: checking whether mpif90 accepts -g
configure:3049: mpif90 -c -g  conftest.f90 >&5
configure:3056: $? = 0
configure:3072: result: yes
configure:3691: checking for C compiler version
configure:3699: icc --version >&5
icc (ICC) 17.0.4 20170411
Copyright (C) 1985-2017 Intel Corporation.  All rights reserved.

configure:3703: $? = 0
configure:3710: icc -v >&5
icc version 17.0.4 (gcc version 5.4.0 compatibility)
configure:3714: $? = 0
configure:3721: icc -V >&5
Intel(R) C Intel(R) 64 Compiler for applications running on Intel(R) 64, Version 17.0.4.196 Build 20170411
Copyright (C) 1985-2017 Intel Corporation.  All rights reserved.

configure:3725: $? = 0
configure:3728: checking whether we are using the GNU C compiler
configure:3757: icc -c   conftest.c >&5
configure:3764: $? = 0
configure:3781: result: yes
configure:3790: checking whether icc accepts -g
configure:3820: icc -c -g  conftest.c >&5
configure:3827: $? = 0
configure:3928: result: yes
configure:3945: checking for icc option to accept ISO C89
configure:4019: icc  -c -g -O2  conftest.c >&5
configure:4026: $? = 0
configure:4049: result: none needed
configure:4139: checking how to run the C preprocessor
configure:4179: icc -E  conftest.c
configure:4186: $? = 0
configure:4217: icc -E  conftest.c
conftest.c(8): error #2379: cannot open source file "ac_nonexistent.h"
  #include <ac_nonexistent.h>
                             ^

configure:4224: $? = 2
configure: failed program was:
| /* confdefs.h.  */
| #define PACKAGE_NAME "ESPRESSO"
| #define PACKAGE_TARNAME "espresso"
| #define PACKAGE_VERSION "6.1"
| #define PACKAGE_STRING "ESPRESSO 6.1"
| #define PACKAGE_BUGREPORT ""
| /* end confdefs.h.  */
| #include <ac_nonexistent.h>
configure:4257: result: icc -E
configure:4286: icc -E  conftest.c
configure:4293: $? = 0
configure:4324: icc -E  conftest.c
conftest.c(8): error #2379: cannot open source file "ac_nonexistent.h"
  #include <ac_nonexistent.h>
                             ^

configure:4331: $? = 2
configure: failed program was:
| /* confdefs.h.  */
| #define PACKAGE_NAME "ESPRESSO"
| #define PACKAGE_TARNAME "espresso"
| #define PACKAGE_VERSION "6.1"
| #define PACKAGE_STRING "ESPRESSO 6.1"
| #define PACKAGE_BUGREPORT ""
| /* end confdefs.h.  */
| #include <ac_nonexistent.h>
configure:4371: checking for grep that handles long lines and -e
configure:4431: result: /usr/bin/grep
configure:4436: checking for egrep
configure:4500: result: /usr/bin/grep -E
configure:4505: checking for ANSI C header files
configure:4535: icc -c -g -O2  conftest.c >&5
configure:4542: $? = 0
configure:4641: icc -o conftest -g -O2  -Wl,--as-needed -liomp5 -Wl,--no-as-needed conftest.c  >&5
configure:4645: $? = 0
configure:4651: ./conftest
configure:4655: $? = 0
configure:4673: result: yes
configure:4697: checking for sys/types.h
configure:4718: icc -c -g -O2  conftest.c >&5
configure:4725: $? = 0
configure:4742: result: yes
configure:4697: checking for sys/stat.h
configure:4718: icc -c -g -O2  conftest.c >&5
configure:4725: $? = 0
configure:4742: result: yes
configure:4697: checking for stdlib.h
configure:4718: icc -c -g -O2  conftest.c >&5
configure:4725: $? = 0
configure:4742: result: yes
configure:4697: checking for string.h
configure:4718: icc -c -g -O2  conftest.c >&5
configure:4725: $? = 0
configure:4742: result: yes
configure:4697: checking for memory.h
configure:4718: icc -c -g -O2  conftest.c >&5
configure:4725: $? = 0
configure:4742: result: yes
configure:4697: checking for strings.h
configure:4718: icc -c -g -O2  conftest.c >&5
configure:4725: $? = 0
configure:4742: result: yes
configure:4697: checking for inttypes.h
configure:4718: icc -c -g -O2  conftest.c >&5
configure:4725: $? = 0
configure:4742: result: yes
configure:4697: checking for stdint.h
configure:4718: icc -c -g -O2  conftest.c >&5
configure:4725: $? = 0
configure:4742: result: yes
configure:4697: checking for unistd.h
configure:4718: icc -c -g -O2  conftest.c >&5
configure:4725: $? = 0
configure:4742: result: yes
configure:4765: checking size of int *
configure:5070: icc -o conftest -g -O2  -Wl,--as-needed -liomp5 -Wl,--no-as-needed conftest.c  >&5
configure:5074: $? = 0
configure:5080: ./conftest
configure:5084: $? = 0
configure:5110: result: 8
configure:5134: checking malloc.h usability
configure:5151: icc -c -g -O2  conftest.c >&5
configure:5158: $? = 0
configure:5172: result: yes
configure:5176: checking malloc.h presence
configure:5191: icc -E  conftest.c
configure:5198: $? = 0
configure:5212: result: yes
configure:5240: checking for malloc.h
configure:5247: result: yes
configure:5260: checking for struct mallinfo.arena
configure:5289: icc -c -g -O2  conftest.c >&5
configure:5296: $? = 0
configure:5355: result: yes
configure:5507: checking for Fortran 77 compiler version
configure:5515: ifort --version >&5
ifort (IFORT) 17.0.4 20170411
Copyright (C) 1985-2017 Intel Corporation.  All rights reserved.

configure:5519: $? = 0
configure:5526: ifort -v >&5
ifort version 17.0.4
configure:5530: $? = 0
configure:5537: ifort -V >&5
Intel(R) Fortran Intel(R) 64 Compiler for applications running on Intel(R) 64, Version 17.0.4.196 Build 20170411
Copyright (C) 1985-2017 Intel Corporation.  All rights reserved.

configure:5541: $? = 0
configure:5549: checking whether we are using the GNU Fortran 77 compiler
configure:5568: ifort -c -O3 -xMIC-AVX512 -fp-model precise -assume byterecl -qopenmp conftest.F >&5
conftest.F(3): error #5082: Syntax error, found END-OF-STATEMENT when expecting one of: => = . [ % ( :
       choke me
---------------^
compilation aborted for conftest.F (code 1)
configure:5575: $? = 1
configure: failed program was:
|       program main
| #ifndef __GNUC__
|        choke me
| #endif
| 
|       end
configure:5592: result: no
configure:5598: checking whether ifort accepts -g
configure:5615: ifort -c -g conftest.f >&5
configure:5622: $? = 0
configure:5638: result: yes
configure:6047: checking whether make sets $(MAKE)
configure:6069: result: yes
configure:6099: checking how to get verbose linking output from ifort
configure:6115: ifort -c -O3 -xMIC-AVX512 -fp-model precise -assume byterecl -qopenmp conftest.f >&5
configure:6122: $? = 0
configure:6144: ifort -o conftest -O3 -xMIC-AVX512 -fp-model precise -assume byterecl -qopenmp -v -Wl,--as-needed -liomp5 -Wl,--no-as-needed conftest.f
ifort version 17.0.4
/opt/intel/compilers_and_libraries_2017.4.196/linux/bin/intel64/fortcom    -D__INTEL_COMPILER=1700 -D__INTEL_COMPILER_UPDATE=4 -D__unix__ -D__unix -D__linux__ -D__linux -D__gnu_linux__ -Dunix -Dlinux -D__ELF__ -D__x86_64 -D__x86_64__ -D__amd64 -D__amd64__ -D__INTEL_COMPILER_BUILD_DATE=20170411 -D_OPENMP=201511 -D__INTEL_OFFLOAD -D__pentium4 -D__pentium4__ -D__tune_pentium4__ -D__SSE2__ -D__SSE2_MATH__ -D__SSE3__ -D__SSSE3__ -D__SSE4_1__ -D__SSE4_2__ -D__SSE__ -D__SSE_MATH__ -D__MMX__ -D__AVX__ -D__AVX_I__ -D__AVX2__ -D__FMA__ -D__BETA_BDW__ -D__AVX512F__ -D__AVX512CD__ -D__AVX512ER__ -D__AVX512PF__ -mGLOB_pack_sort_init_list -I. -I/opt/intel/compilers_and_libraries/linux/daal/include -I/opt/intel/compilers_and_libraries/linux/tbb/include -I/opt/intel/compilers_and_libraries/linux/mkl/include -I/opt/intel/compilers_and_libraries/linux/ipp/include -I/opt/intel/compilers_and_libraries_2017.4.196/linux/compiler/include/intel64 -I/opt/intel/compilers_and_libraries_2017.4.196/linux/compiler/include/icc -I/opt/intel/compilers_and_libraries_2017.4.196/linux/compiler/include -I/usr/local/include -I/opt/apps/gcc/5.4.0/lib/gcc/x86_64-unknown-linux-gnu/5.4.0/include -I/opt/apps/gcc/5.4.0/lib/gcc/x86_64-unknown-linux-gnu/5.4.0/include-fixed -I/opt/apps/gcc/5.4.0/include/ -I/usr/include "-assume byterecl" -automatic -noftz "-fp_model precise" "-fp_modbits no_ftz" -omp -omp_simd -omp_offload -O3 "-reentrancy threaded" -simd -offload_host -mGLOB_em64t=TRUE -mP1OPT_version=17.0-intel64 -mGLOB_diag_file=/tmp/ifort4rfh89.diag -mGLOB_long_size_64 -mGLOB_routine_pointer_size_64 -mGLOB_source_language=GLOB_SOURCE_LANGUAGE_F90 -mP2OPT_static_promotion -mP1OPT_print_version=FALSE -mCG_use_gas_got_workaround=F -mP2OPT_align_option_used=TRUE -mGLOB_gcc_version=540 "-mGLOB_options_string=-o conftest -O3 -xMIC-AVX512 -fp-model precise -assume byterecl -qopenmp -v -Wl,--as-needed -liomp5 -Wl,--no-as-needed" -mGLOB_cxx_limited_range=FALSE -mCG_extend_parms=FALSE -mGLOB_compiler_bin_directory=/opt/intel/compilers_and_libraries_2017.4.196/linux/bin/intel64 -mGLOB_as_output_backup_file_name=/tmp/ifortA3wG4Was_.s -mGLOB_dashboard_use_source_name -mIPOPT_activate -mIPOPT_lite -mGLOB_instruction_tuning=0x0 -mGLOB_uarch_tuning=0x0 -mGLOB_product_id_code=0x22006d8f -mCG_bnl_movbe=T -mGLOB_extended_instructions=0x40000 -mGLOB_advanced_optim=TRUE -mP3OPT_use_mspp_call_convention -mP2OPT_subs_out_of_bound=FALSE -mP2OPT_disam_type_based_disam=2 -mGLOB_ansi_alias -mPGOPTI_value_profile_use=T -mGLOB_opt_report_use_source_name -mPAROPT_openmp=TRUE -mP2OPT_il0_array_sections=TRUE -mGLOB_offload_mode=1 -mP2OPT_offload_unique_var_string=ifort00996021620GRTQb -mGLOB_opt_level=3 -mP2OPT_hlo_level=3 -mP2OPT_hlo -mP2OPT_hpo_rtt_control=0 -mIPOPT_args_in_regs=0 -mP2OPT_disam_assume_nonstd_intent_in=FALSE -mGLOB_imf_mapping_library=/opt/intel/compilers_and_libraries_2017.4.196/linux/bin/intel64/libiml_attr.so -mIPOPT_single_file_compile_and_link=TRUE -mPGOPTI_gen_threadsafe_level=0 -mIPOPT_lto_object_enabled -mIPOPT_lto_object_value=1 -mIPOPT_obj_output_file_name=/tmp/ifort4rfh89.o -mIPOPT_whole_archive_fixup_file_name=/tmp/ifortwarchSN2N1J -mGLOB_linker_version=2.26.20160125 -mGLOB_driver_tempfile_name=/tmp/iforttempfilehkFyv8 -mP3OPT_asm_target=P3OPT_ASM_TARGET_GAS -mGLOB_async_unwind_tables=TRUE -mGLOB_obj_output_file=/tmp/ifort4rfh89.o -mGLOB_source_dialect=GLOB_SOURCE_DIALECT_FORTRAN -mP1OPT_source_file_name=conftest.f -mP1OPT_full_source_file_name=/admin/build/admin/rpms/stampede2/BUILD/qe-6.1-TACC/conftest.f -mP2OPT_symtab_type_copy=true conftest.f
#include "..." search starts here:
#include <...> search starts here:
 .
 /opt/intel/compilers_and_libraries/linux/daal/include
 /opt/intel/compilers_and_libraries/linux/tbb/include
 /opt/intel/compilers_and_libraries/linux/mkl/include
 /opt/intel/compilers_and_libraries/linux/ipp/include
 /opt/intel/compilers_and_libraries_2017.4.196/linux/compiler/include/intel64
 /opt/intel/compilers_and_libraries_2017.4.196/linux/compiler/include/icc
 /opt/intel/compilers_and_libraries_2017.4.196/linux/compiler/include
 /usr/local/include
 /opt/apps/gcc/5.4.0/lib/gcc/x86_64-unknown-linux-gnu/5.4.0/include
 /opt/apps/gcc/5.4.0/lib/gcc/x86_64-unknown-linux-gnu/5.4.0/include-fixed
 /opt/apps/gcc/5.4.0/include/
 /usr/include
End of search list.
ld    /lib/../lib64/crt1.o /lib/../lib64/crti.o /opt/apps/gcc/5.4.0/lib/gcc/x86_64-unknown-linux-gnu/5.4.0/crtbegin.o --eh-frame-hdr --build-id -dynamic-linker /lib64/ld-linux-x86-64.so.2 -m elf_x86_64 -o conftest /opt/intel/compilers_and_libraries_2017.4.196/linux/compiler/lib/intel64_lin/for_main.o -L/opt/intel/compilers_and_libraries/linux/compiler/lib/intel64_lin -L/opt/intel/compilers_and_libraries/linux/tbb/lib/intel64_lin/gcc4.7 -L/opt/intel/compilers_and_libraries/linux/daal/lib/intel64_lin -L/opt/intel/compilers_and_libraries/linux/tbb/lib/intel64/gcc4.7 -L/opt/intel/compilers_and_libraries/linux/mkl/lib/intel64 -L/opt/intel/compilers_and_libraries/linux/compiler/lib/intel64 -L/opt/intel/compilers_and_libraries/linux/ipp/lib/intel64 -L/opt/intel/compilers_and_libraries_2017.4.196/linux/compiler/lib/intel64_lin -L/opt/apps/gcc/5.4.0/lib/gcc/x86_64-unknown-linux-gnu/5.4.0/ -L/opt/apps/gcc/5.4.0/lib/gcc/x86_64-unknown-linux-gnu/5.4.0/../../../../lib64 -L/opt/apps/gcc/5.4.0/lib/gcc/x86_64-unknown-linux-gnu/5.4.0/../../../../lib64/ -L/lib/../lib64 -L/lib/../lib64/ -L/usr/lib/../lib64 -L/usr/lib/../lib64/ -L/opt/intel/compilers_and_libraries/linux/tbb/lib/intel64_lin/gcc4.7/ -L/opt/intel/compilers_and_libraries/linux/daal/lib/intel64_lin/ -L/opt/intel/compilers_and_libraries/linux/tbb/lib/intel64/gcc4.7/ -L/opt/intel/compilers_and_libraries/linux/mkl/lib/intel64/ -L/opt/intel/compilers_and_libraries/linux/ipp/lib/intel64/ -L/opt/apps/gcc/5.4.0/lib/gcc/x86_64-unknown-linux-gnu/5.4.0/../../../ -L/lib64 -L/lib/ -L/usr/lib64 -L/usr/lib --as-needed -liomp5 --no-as-needed /tmp/ifort4rfh89.o -Bdynamic -Bstatic -lifport -lifcoremt -limf -lsvml -Bdynamic -lm -Bstatic -lipgo -Bdynamic -liomp5 -Bstatic -lirc -Bdynamic -lpthread -Bstatic -lsvml -Bdynamic -lc -lgcc -lgcc_s -Bstatic -lirc_s -Bdynamic -ldl -lc /opt/apps/gcc/5.4.0/lib/gcc/x86_64-unknown-linux-gnu/5.4.0/crtend.o /lib/../lib64/crtn.o
configure:6213: result: -v
configure:6215: checking for Fortran 77 libraries of ifort
configure:6238: ifort -o conftest -O3 -xMIC-AVX512 -fp-model precise -assume byterecl -qopenmp -v -Wl,--as-needed -liomp5 -Wl,--no-as-needed conftest.f
ifort version 17.0.4
/opt/intel/compilers_and_libraries_2017.4.196/linux/bin/intel64/fortcom    -D__INTEL_COMPILER=1700 -D__INTEL_COMPILER_UPDATE=4 -D__unix__ -D__unix -D__linux__ -D__linux -D__gnu_linux__ -Dunix -Dlinux -D__ELF__ -D__x86_64 -D__x86_64__ -D__amd64 -D__amd64__ -D__INTEL_COMPILER_BUILD_DATE=20170411 -D_OPENMP=201511 -D__INTEL_OFFLOAD -D__pentium4 -D__pentium4__ -D__tune_pentium4__ -D__SSE2__ -D__SSE2_MATH__ -D__SSE3__ -D__SSSE3__ -D__SSE4_1__ -D__SSE4_2__ -D__SSE__ -D__SSE_MATH__ -D__MMX__ -D__AVX__ -D__AVX_I__ -D__AVX2__ -D__FMA__ -D__BETA_BDW__ -D__AVX512F__ -D__AVX512CD__ -D__AVX512ER__ -D__AVX512PF__ -mGLOB_pack_sort_init_list -I. -I/opt/intel/compilers_and_libraries/linux/daal/include -I/opt/intel/compilers_and_libraries/linux/tbb/include -I/opt/intel/compilers_and_libraries/linux/mkl/include -I/opt/intel/compilers_and_libraries/linux/ipp/include -I/opt/intel/compilers_and_libraries_2017.4.196/linux/compiler/include/intel64 -I/opt/intel/compilers_and_libraries_2017.4.196/linux/compiler/include/icc -I/opt/intel/compilers_and_libraries_2017.4.196/linux/compiler/include -I/usr/local/include -I/opt/apps/gcc/5.4.0/lib/gcc/x86_64-unknown-linux-gnu/5.4.0/include -I/opt/apps/gcc/5.4.0/lib/gcc/x86_64-unknown-linux-gnu/5.4.0/include-fixed -I/opt/apps/gcc/5.4.0/include/ -I/usr/include "-assume byterecl" -automatic -noftz "-fp_model precise" "-fp_modbits no_ftz" -omp -omp_simd -omp_offload -O3 "-reentrancy threaded" -simd -offload_host -mGLOB_em64t=TRUE -mP1OPT_version=17.0-intel64 -mGLOB_diag_file=/tmp/ifort6CHrHA.diag -mGLOB_long_size_64 -mGLOB_routine_pointer_size_64 -mGLOB_source_language=GLOB_SOURCE_LANGUAGE_F90 -mP2OPT_static_promotion -mP1OPT_print_version=FALSE -mCG_use_gas_got_workaround=F -mP2OPT_align_option_used=TRUE -mGLOB_gcc_version=540 "-mGLOB_options_string=-o conftest -O3 -xMIC-AVX512 -fp-model precise -assume byterecl -qopenmp -v -Wl,--as-needed -liomp5 -Wl,--no-as-needed" -mGLOB_cxx_limited_range=FALSE -mCG_extend_parms=FALSE -mGLOB_compiler_bin_directory=/opt/intel/compilers_and_libraries_2017.4.196/linux/bin/intel64 -mGLOB_as_output_backup_file_name=/tmp/ifortWamyLpas_.s -mGLOB_dashboard_use_source_name -mIPOPT_activate -mIPOPT_lite -mGLOB_instruction_tuning=0x0 -mGLOB_uarch_tuning=0x0 -mGLOB_product_id_code=0x22006d8f -mCG_bnl_movbe=T -mGLOB_extended_instructions=0x40000 -mGLOB_advanced_optim=TRUE -mP3OPT_use_mspp_call_convention -mP2OPT_subs_out_of_bound=FALSE -mP2OPT_disam_type_based_disam=2 -mGLOB_ansi_alias -mPGOPTI_value_profile_use=T -mGLOB_opt_report_use_source_name -mPAROPT_openmp=TRUE -mP2OPT_il0_array_sections=TRUE -mGLOB_offload_mode=1 -mP2OPT_offload_unique_var_string=ifort2047609986KJUI6w -mGLOB_opt_level=3 -mP2OPT_hlo_level=3 -mP2OPT_hlo -mP2OPT_hpo_rtt_control=0 -mIPOPT_args_in_regs=0 -mP2OPT_disam_assume_nonstd_intent_in=FALSE -mGLOB_imf_mapping_library=/opt/intel/compilers_and_libraries_2017.4.196/linux/bin/intel64/libiml_attr.so -mIPOPT_single_file_compile_and_link=TRUE -mPGOPTI_gen_threadsafe_level=0 -mIPOPT_lto_object_enabled -mIPOPT_lto_object_value=1 -mIPOPT_obj_output_file_name=/tmp/ifort6CHrHA.o -mIPOPT_whole_archive_fixup_file_name=/tmp/ifortwarchlsvlQe -mGLOB_linker_version=2.26.20160125 -mGLOB_driver_tempfile_name=/tmp/iforttempfileSIRUnE -mP3OPT_asm_target=P3OPT_ASM_TARGET_GAS -mGLOB_async_unwind_tables=TRUE -mGLOB_obj_output_file=/tmp/ifort6CHrHA.o -mGLOB_source_dialect=GLOB_SOURCE_DIALECT_FORTRAN -mP1OPT_source_file_name=conftest.f -mP1OPT_full_source_file_name=/admin/build/admin/rpms/stampede2/BUILD/qe-6.1-TACC/conftest.f -mP2OPT_symtab_type_copy=true conftest.f
#include "..." search starts here:
#include <...> search starts here:
 .
 /opt/intel/compilers_and_libraries/linux/daal/include
 /opt/intel/compilers_and_libraries/linux/tbb/include
 /opt/intel/compilers_and_libraries/linux/mkl/include
 /opt/intel/compilers_and_libraries/linux/ipp/include
 /opt/intel/compilers_and_libraries_2017.4.196/linux/compiler/include/intel64
 /opt/intel/compilers_and_libraries_2017.4.196/linux/compiler/include/icc
 /opt/intel/compilers_and_libraries_2017.4.196/linux/compiler/include
 /usr/local/include
 /opt/apps/gcc/5.4.0/lib/gcc/x86_64-unknown-linux-gnu/5.4.0/include
 /opt/apps/gcc/5.4.0/lib/gcc/x86_64-unknown-linux-gnu/5.4.0/include-fixed
 /opt/apps/gcc/5.4.0/include/
 /usr/include
End of search list.
ld    /lib/../lib64/crt1.o /lib/../lib64/crti.o /opt/apps/gcc/5.4.0/lib/gcc/x86_64-unknown-linux-gnu/5.4.0/crtbegin.o --eh-frame-hdr --build-id -dynamic-linker /lib64/ld-linux-x86-64.so.2 -m elf_x86_64 -o conftest /opt/intel/compilers_and_libraries_2017.4.196/linux/compiler/lib/intel64_lin/for_main.o -L/opt/intel/compilers_and_libraries/linux/compiler/lib/intel64_lin -L/opt/intel/compilers_and_libraries/linux/tbb/lib/intel64_lin/gcc4.7 -L/opt/intel/compilers_and_libraries/linux/daal/lib/intel64_lin -L/opt/intel/compilers_and_libraries/linux/tbb/lib/intel64/gcc4.7 -L/opt/intel/compilers_and_libraries/linux/mkl/lib/intel64 -L/opt/intel/compilers_and_libraries/linux/compiler/lib/intel64 -L/opt/intel/compilers_and_libraries/linux/ipp/lib/intel64 -L/opt/intel/compilers_and_libraries_2017.4.196/linux/compiler/lib/intel64_lin -L/opt/apps/gcc/5.4.0/lib/gcc/x86_64-unknown-linux-gnu/5.4.0/ -L/opt/apps/gcc/5.4.0/lib/gcc/x86_64-unknown-linux-gnu/5.4.0/../../../../lib64 -L/opt/apps/gcc/5.4.0/lib/gcc/x86_64-unknown-linux-gnu/5.4.0/../../../../lib64/ -L/lib/../lib64 -L/lib/../lib64/ -L/usr/lib/../lib64 -L/usr/lib/../lib64/ -L/opt/intel/compilers_and_libraries/linux/tbb/lib/intel64_lin/gcc4.7/ -L/opt/intel/compilers_and_libraries/linux/daal/lib/intel64_lin/ -L/opt/intel/compilers_and_libraries/linux/tbb/lib/intel64/gcc4.7/ -L/opt/intel/compilers_and_libraries/linux/mkl/lib/intel64/ -L/opt/intel/compilers_and_libraries/linux/ipp/lib/intel64/ -L/opt/apps/gcc/5.4.0/lib/gcc/x86_64-unknown-linux-gnu/5.4.0/../../../ -L/lib64 -L/lib/ -L/usr/lib64 -L/usr/lib --as-needed -liomp5 --no-as-needed /tmp/ifort6CHrHA.o -Bdynamic -Bstatic -lifport -lifcoremt -limf -lsvml -Bdynamic -lm -Bstatic -lipgo -Bdynamic -liomp5 -Bstatic -lirc -Bdynamic -lpthread -Bstatic -lsvml -Bdynamic -lc -lgcc -lgcc_s -Bstatic -lirc_s -Bdynamic -ldl -lc /opt/apps/gcc/5.4.0/lib/gcc/x86_64-unknown-linux-gnu/5.4.0/crtend.o /lib/../lib64/crtn.o
configure:6415: result:  -L/opt/intel/compilers_and_libraries/linux/compiler/lib/intel64_lin -L/opt/intel/compilers_and_libraries/linux/tbb/lib/intel64_lin/gcc4.7 -L/opt/intel/compilers_and_libraries/linux/daal/lib/intel64_lin -L/opt/intel/compilers_and_libraries/linux/tbb/lib/intel64/gcc4.7 -L/opt/intel/compilers_and_libraries/linux/mkl/lib/intel64 -L/opt/intel/compilers_and_libraries/linux/compiler/lib/intel64 -L/opt/intel/compilers_and_libraries/linux/ipp/lib/intel64 -L/opt/intel/compilers_and_libraries_2017.4.196/linux/compiler/lib/intel64_lin -L/opt/apps/gcc/5.4.0/lib/gcc/x86_64-unknown-linux-gnu/5.4.0/ -L/opt/apps/gcc/5.4.0/lib/gcc/x86_64-unknown-linux-gnu/5.4.0/../../../../lib64 -L/opt/apps/gcc/5.4.0/lib/gcc/x86_64-unknown-linux-gnu/5.4.0/../../../../lib64/ -L/lib/../lib64 -L/lib/../lib64/ -L/usr/lib/../lib64 -L/usr/lib/../lib64/ -L/opt/intel/compilers_and_libraries/linux/tbb/lib/intel64_lin/gcc4.7/ -L/opt/intel/compilers_and_libraries/linux/daal/lib/intel64_lin/ -L/opt/intel/compilers_and_libraries/linux/tbb/lib/intel64/gcc4.7/ -L/opt/intel/compilers_and_libraries/linux/mkl/lib/intel64/ -L/opt/intel/compilers_and_libraries/linux/ipp/lib/intel64/ -L/opt/apps/gcc/5.4.0/lib/gcc/x86_64-unknown-linux-gnu/5.4.0/../../../ -L/lib64 -L/lib/ -L/usr/lib64 -L/usr/lib -liomp5 -lifport -lifcoremt -limf -lsvml -lm -lipgo -lirc -lpthread -lirc_s -ldl
configure:6431: checking for dummy main to link with Fortran 77 libraries
configure:6475: icc -o conftest -g -O2  -Wl,--as-needed -liomp5 -Wl,--no-as-needed conftest.c   -L/opt/intel/compilers_and_libraries/linux/compiler/lib/intel64_lin -L/opt/intel/compilers_and_libraries/linux/tbb/lib/intel64_lin/gcc4.7 -L/opt/intel/compilers_and_libraries/linux/daal/lib/intel64_lin -L/opt/intel/compilers_and_libraries/linux/tbb/lib/intel64/gcc4.7 -L/opt/intel/compilers_and_libraries/linux/mkl/lib/intel64 -L/opt/intel/compilers_and_libraries/linux/compiler/lib/intel64 -L/opt/intel/compilers_and_libraries/linux/ipp/lib/intel64 -L/opt/intel/compilers_and_libraries_2017.4.196/linux/compiler/lib/intel64_lin -L/opt/apps/gcc/5.4.0/lib/gcc/x86_64-unknown-linux-gnu/5.4.0/ -L/opt/apps/gcc/5.4.0/lib/gcc/x86_64-unknown-linux-gnu/5.4.0/../../../../lib64 -L/opt/apps/gcc/5.4.0/lib/gcc/x86_64-unknown-linux-gnu/5.4.0/../../../../lib64/ -L/lib/../lib64 -L/lib/../lib64/ -L/usr/lib/../lib64 -L/usr/lib/../lib64/ -L/opt/intel/compilers_and_libraries/linux/tbb/lib/intel64_lin/gcc4.7/ -L/opt/intel/compilers_and_libraries/linux/daal/lib/intel64_lin/ -L/opt/intel/compilers_and_libraries/linux/tbb/lib/intel64/gcc4.7/ -L/opt/intel/compilers_and_libraries/linux/mkl/lib/intel64/ -L/opt/intel/compilers_and_libraries/linux/ipp/lib/intel64/ -L/opt/apps/gcc/5.4.0/lib/gcc/x86_64-unknown-linux-gnu/5.4.0/../../../ -L/lib64 -L/lib/ -L/usr/lib64 -L/usr/lib -liomp5 -lifport -lifcoremt -limf -lsvml -lm -lipgo -lirc -lpthread -lirc_s -ldl >&5
configure:6482: $? = 0
configure:6570: result: none
configure:6609: checking for Fortran 77 name-mangling scheme
configure:6628: ifort -c -O3 -xMIC-AVX512 -fp-model precise -assume byterecl -qopenmp conftest.f >&5
configure:6635: $? = 0
configure:6690: icc -o conftest -g -O2  -Wl,--as-needed -liomp5 -Wl,--no-as-needed conftest.c cfortran_test.o   -L/opt/intel/compilers_and_libraries/linux/compiler/lib/intel64_lin -L/opt/intel/compilers_and_libraries/linux/tbb/lib/intel64_lin/gcc4.7 -L/opt/intel/compilers_and_libraries/linux/daal/lib/intel64_lin -L/opt/intel/compilers_and_libraries/linux/tbb/lib/intel64/gcc4.7 -L/opt/intel/compilers_and_libraries/linux/mkl/lib/intel64 -L/opt/intel/compilers_and_libraries/linux/compiler/lib/intel64 -L/opt/intel/compilers_and_libraries/linux/ipp/lib/intel64 -L/opt/intel/compilers_and_libraries_2017.4.196/linux/compiler/lib/intel64_lin -L/opt/apps/gcc/5.4.0/lib/gcc/x86_64-unknown-linux-gnu/5.4.0/ -L/opt/apps/gcc/5.4.0/lib/gcc/x86_64-unknown-linux-gnu/5.4.0/../../../../lib64 -L/opt/apps/gcc/5.4.0/lib/gcc/x86_64-unknown-linux-gnu/5.4.0/../../../../lib64/ -L/lib/../lib64 -L/lib/../lib64/ -L/usr/lib/../lib64 -L/usr/lib/../lib64/ -L/opt/intel/compilers_and_libraries/linux/tbb/lib/intel64_lin/gcc4.7/ -L/opt/intel/compilers_and_libraries/linux/daal/lib/intel64_lin/ -L/opt/intel/compilers_and_libraries/linux/tbb/lib/intel64/gcc4.7/ -L/opt/intel/compilers_and_libraries/linux/mkl/lib/intel64/ -L/opt/intel/compilers_and_libraries/linux/ipp/lib/intel64/ -L/opt/apps/gcc/5.4.0/lib/gcc/x86_64-unknown-linux-gnu/5.4.0/../../../ -L/lib64 -L/lib/ -L/usr/lib64 -L/usr/lib -liomp5 -lifport -lifcoremt -limf -lsvml -lm -lipgo -lirc -lpthread -lirc_s -ldl >&5
/tmp/iccLznuQh.o: In function `main':
/admin/build/admin/rpms/stampede2/BUILD/qe-6.1-TACC/conftest.c:39: undefined reference to `foobar'
configure:6697: $? = 1
configure: failed program was:
| /* confdefs.h.  */
| #define PACKAGE_NAME "ESPRESSO"
| #define PACKAGE_TARNAME "espresso"
| #define PACKAGE_VERSION "6.1"
| #define PACKAGE_STRING "ESPRESSO 6.1"
| #define PACKAGE_BUGREPORT ""
| #define STDC_HEADERS 1
| #define HAVE_SYS_TYPES_H 1
| #define HAVE_SYS_STAT_H 1
| #define HAVE_STDLIB_H 1
| #define HAVE_STRING_H 1
| #define HAVE_MEMORY_H 1
| #define HAVE_STRINGS_H 1
| #define HAVE_INTTYPES_H 1
| #define HAVE_STDINT_H 1
| #define HAVE_UNISTD_H 1
| #define SIZEOF_INT_P 8
| #define HAVE_MALLINFO 1
| /* end confdefs.h.  */
| 
| /* Override any GCC internal prototype to avoid an error.
|    Use char because int might match the return type of a GCC
|    builtin and then its argument prototype would still apply.  */
| #ifdef __cplusplus
| extern "C"
| #endif
| char foobar ();
| #ifdef F77_DUMMY_MAIN
| 
| #  ifdef __cplusplus
|      extern "C"
| #  endif
|    int F77_DUMMY_MAIN() { return 1; }
| 
| #endif
| int
| main ()
| {
| return foobar ();
|   ;
|   return 0;
| }
configure:6690: icc -o conftest -g -O2  -Wl,--as-needed -liomp5 -Wl,--no-as-needed conftest.c cfortran_test.o   -L/opt/intel/compilers_and_libraries/linux/compiler/lib/intel64_lin -L/opt/intel/compilers_and_libraries/linux/tbb/lib/intel64_lin/gcc4.7 -L/opt/intel/compilers_and_libraries/linux/daal/lib/intel64_lin -L/opt/intel/compilers_and_libraries/linux/tbb/lib/intel64/gcc4.7 -L/opt/intel/compilers_and_libraries/linux/mkl/lib/intel64 -L/opt/intel/compilers_and_libraries/linux/compiler/lib/intel64 -L/opt/intel/compilers_and_libraries/linux/ipp/lib/intel64 -L/opt/intel/compilers_and_libraries_2017.4.196/linux/compiler/lib/intel64_lin -L/opt/apps/gcc/5.4.0/lib/gcc/x86_64-unknown-linux-gnu/5.4.0/ -L/opt/apps/gcc/5.4.0/lib/gcc/x86_64-unknown-linux-gnu/5.4.0/../../../../lib64 -L/opt/apps/gcc/5.4.0/lib/gcc/x86_64-unknown-linux-gnu/5.4.0/../../../../lib64/ -L/lib/../lib64 -L/lib/../lib64/ -L/usr/lib/../lib64 -L/usr/lib/../lib64/ -L/opt/intel/compilers_and_libraries/linux/tbb/lib/intel64_lin/gcc4.7/ -L/opt/intel/compilers_and_libraries/linux/daal/lib/intel64_lin/ -L/opt/intel/compilers_and_libraries/linux/tbb/lib/intel64/gcc4.7/ -L/opt/intel/compilers_and_libraries/linux/mkl/lib/intel64/ -L/opt/intel/compilers_and_libraries/linux/ipp/lib/intel64/ -L/opt/apps/gcc/5.4.0/lib/gcc/x86_64-unknown-linux-gnu/5.4.0/../../../ -L/lib64 -L/lib/ -L/usr/lib64 -L/usr/lib -liomp5 -lifport -lifcoremt -limf -lsvml -lm -lipgo -lirc -lpthread -lirc_s -ldl >&5
configure:6697: $? = 0
configure:6779: icc -o conftest -g -O2  -Wl,--as-needed -liomp5 -Wl,--no-as-needed conftest.c cfortran_test.o   -L/opt/intel/compilers_and_libraries/linux/compiler/lib/intel64_lin -L/opt/intel/compilers_and_libraries/linux/tbb/lib/intel64_lin/gcc4.7 -L/opt/intel/compilers_and_libraries/linux/daal/lib/intel64_lin -L/opt/intel/compilers_and_libraries/linux/tbb/lib/intel64/gcc4.7 -L/opt/intel/compilers_and_libraries/linux/mkl/lib/intel64 -L/opt/intel/compilers_and_libraries/linux/compiler/lib/intel64 -L/opt/intel/compilers_and_libraries/linux/ipp/lib/intel64 -L/opt/intel/compilers_and_libraries_2017.4.196/linux/compiler/lib/intel64_lin -L/opt/apps/gcc/5.4.0/lib/gcc/x86_64-unknown-linux-gnu/5.4.0/ -L/opt/apps/gcc/5.4.0/lib/gcc/x86_64-unknown-linux-gnu/5.4.0/../../../../lib64 -L/opt/apps/gcc/5.4.0/lib/gcc/x86_64-unknown-linux-gnu/5.4.0/../../../../lib64/ -L/lib/../lib64 -L/lib/../lib64/ -L/usr/lib/../lib64 -L/usr/lib/../lib64/ -L/opt/intel/compilers_and_libraries/linux/tbb/lib/intel64_lin/gcc4.7/ -L/opt/intel/compilers_and_libraries/linux/daal/lib/intel64_lin/ -L/opt/intel/compilers_and_libraries/linux/tbb/lib/intel64/gcc4.7/ -L/opt/intel/compilers_and_libraries/linux/mkl/lib/intel64/ -L/opt/intel/compilers_and_libraries/linux/ipp/lib/intel64/ -L/opt/apps/gcc/5.4.0/lib/gcc/x86_64-unknown-linux-gnu/5.4.0/../../../ -L/lib64 -L/lib/ -L/usr/lib64 -L/usr/lib -liomp5 -lifport -lifcoremt -limf -lsvml -lm -lipgo -lirc -lpthread -lirc_s -ldl >&5
configure:6786: $? = 0
configure:6849: result: lower case, underscore, no extra underscore
configure:10063: checking FFT
configure:10630: checking for DftiComputeForward in -lmkl_intel_lp64
configure:10673: icc -o conftest -O3 -O3  -Wl,--as-needed -liomp5 -Wl,--no-as-needed -L conftest.c -lmkl_intel_lp64  -L/opt/intel/compilers_and_libraries/linux/mkl/lib/intel64 -lmkl_intel_lp64 -lmkl_intel_thread -lmkl_core -liomp5 -lpthread -lm -ldl -lm  -L/opt/intel/compilers_and_libraries/linux/mkl/lib/intel64 -lmkl_intel_lp64 -lmkl_intel_thread -lmkl_core -liomp5 -lpthread -lm -ldl >&5
icc: warning #10315: specifying -lm before files may supersede the Intel(R) math library and affect performance
icc: warning #10315: specifying -lm before files may supersede the Intel(R) math library and affect performance
icc: warning #10315: specifying -lm before files may supersede the Intel(R) math library and affect performance
/lib/../lib64/crt1.o: In function `_start':
(.text+0x20): undefined reference to `main'
configure:10680: $? = 1
configure: failed program was:
| /* confdefs.h.  */
| #define PACKAGE_NAME "ESPRESSO"
| #define PACKAGE_TARNAME "espresso"
| #define PACKAGE_VERSION "6.1"
| #define PACKAGE_STRING "ESPRESSO 6.1"
| #define PACKAGE_BUGREPORT ""
| #define STDC_HEADERS 1
| #define HAVE_SYS_TYPES_H 1
| #define HAVE_SYS_STAT_H 1
| #define HAVE_STDLIB_H 1
| #define HAVE_STRING_H 1
| #define HAVE_MEMORY_H 1
| #define HAVE_STRINGS_H 1
| #define HAVE_INTTYPES_H 1
| #define HAVE_STDINT_H 1
| #define HAVE_UNISTD_H 1
| #define SIZEOF_INT_P 8
| #define HAVE_MALLINFO 1
| #define F77_FUNC(name,NAME) name ## _
| #define F77_FUNC_(name,NAME) name ## _
| /* end confdefs.h.  */
| 
| /* Override any GCC internal prototype to avoid an error.
|    Use char because int might match the return type of a GCC
|    builtin and then its argument prototype would still apply.  */
| #ifdef __cplusplus
| extern "C"
| #endif
| char DftiComputeForward ();
| #ifdef F77_DUMMY_MAIN
| 
| #  ifdef __cplusplus
|      extern "C"
| #  endif
|    int F77_DUMMY_MAIN() { return 1; }
| 
| #endif
| int
| main ()
| {
| return DftiComputeForward ();
|   ;
|   return 0;
| }
configure:10701: result: no
configure:11012: checking for library containing dfftw_execute_dft
configure:11036: ifort -o conftest -O3 -xMIC-AVX512 -fp-model precise -assume byterecl -qopenmp  -nomodule  -Wl,--as-needed -liomp5 -Wl,--no-as-needed  conftest.f  -L/opt/intel/compilers_and_libraries/linux/mkl/lib/intel64 -lmkl_intel_lp64 -lmkl_intel_thread -lmkl_core -liomp5 -lpthread -lm -ldl >&5
configure:11043: $? = 0
configure:11074: result: none required
configure:11103: ifort -c -O3 -xMIC-AVX512 -fp-model precise -assume byterecl -qopenmp  -nomodule conftest.f >&5
conftest.f(1): error #5149: Illegal character in statement label field  [i]
include "fftw3.f03"
^
conftest.f(1): error #5149: Illegal character in statement label field  [n]
include "fftw3.f03"
-^
conftest.f(1): error #5149: Illegal character in statement label field  [c]
include "fftw3.f03"
--^
conftest.f(1): error #5149: Illegal character in statement label field  [l]
include "fftw3.f03"
---^
conftest.f(1): error #5149: Illegal character in statement label field  [u]
include "fftw3.f03"
----^
conftest.f(1): error #5118: First statement in file must not be continued
include "fftw3.f03"
-----^
conftest.f(1): error #5144: Invalid character_kind_parameter. No underscore
include "fftw3.f03"
-------------------^
conftest.f(1): error #5082: Syntax error, found CHARACTER_CONSTANT 'fftw3.f03' when expecting one of: => = . [ % ( :
include "fftw3.f03"
--------^
conftest.f(1): error #5082: Syntax error, found END-OF-FILE when expecting one of: <LABEL> <END-OF-STATEMENT> ; TYPE INTEGER REAL COMPLEX BYTE CHARACTER CLASS DOUBLE ...
include "fftw3.f03"
-------------------^
compilation aborted for conftest.f (code 1)
configure:11110: $? = 1
configure: failed program was:
| include "fftw3.f03"
configure:11141: result:   -L/opt/intel/compilers_and_libraries/linux/mkl/lib/intel64 -lmkl_intel_lp64 -lmkl_intel_thread -lmkl_core -liomp5 -lpthread -lm -ldl
configure:11169: checking MASS
configure:11487: result: 
configure:11518: checking for library containing mpi_init
configure:11542: mpif90 -o conftest -O3 -xMIC-AVX512 -fp-model precise -assume byterecl -qopenmp  -nomodule -Wl,--as-needed -liomp5 -Wl,--no-as-needed conftest.f  >&5
configure:11549: $? = 0
configure:11580: result: none required
configure:12145: checking ELPA
configure:12194: result: 
configure:12482: checking for ranlib
configure:12498: found /opt/apps/gcc/5.4.0/bin/ranlib
configure:12510: result: ranlib
configure:12536: checking for wget
configure:12552: found /usr/bin/wget
configure:12563: result: wget -O
configure:12765: creating ./config.status

## ---------------------- ##
## Running config.status. ##
## ---------------------- ##

This file was extended by ESPRESSO config.status 6.1, which was
generated by GNU Autoconf 2.63.  Invocation command line was

  CONFIG_FILES    = 
  CONFIG_HEADERS  = 
  CONFIG_LINKS    = 
  CONFIG_COMMANDS = 
  $ ./config.status 

on build.stampede2.tacc.utexas.edu

config.status:805: creating install/make_lapack.inc
config.status:805: creating include/fft_defs.h
config.status:805: creating include/configure.h
config.status:805: creating make.inc
config.status:805: creating configure.msg
config.status:805: creating install/make_wannier90.inc
config.status:805: creating include/c_defs.h

## ---------------- ##
## Cache variables. ##
## ---------------- ##

ac_cv_build=x86_64-pc-linux-gnu
ac_cv_c_compiler_gnu=yes
ac_cv_env_CC_set=set
ac_cv_env_CC_value=icc
ac_cv_env_CFLAGS_set=
ac_cv_env_CFLAGS_value=
ac_cv_env_CPPFLAGS_set=
ac_cv_env_CPPFLAGS_value=
ac_cv_env_CPP_set=
ac_cv_env_CPP_value=
ac_cv_env_EXTLIB_FLAGS_set=
ac_cv_env_EXTLIB_FLAGS_value=
ac_cv_env_F77_set=set
ac_cv_env_F77_value=ifort
ac_cv_env_FCFLAGS_set=
ac_cv_env_FCFLAGS_value=
ac_cv_env_FC_set=set
ac_cv_env_FC_value=ifort
ac_cv_env_FFLAGS_set=set
ac_cv_env_FFLAGS_value='-O3 -xMIC-AVX512 -fp-model precise -assume byterecl -qopenmp'
ac_cv_env_LDFLAGS_set=set
ac_cv_env_LDFLAGS_value='-Wl,--as-needed -liomp5 -Wl,--no-as-needed'
ac_cv_env_LIBS_set=
ac_cv_env_LIBS_value=
ac_cv_env_build_alias_set=
ac_cv_env_build_alias_value=
ac_cv_env_host_alias_set=
ac_cv_env_host_alias_value=
ac_cv_env_target_alias_set=
ac_cv_env_target_alias_value=
ac_cv_f77_compiler_gnu=no
ac_cv_f77_dummy_main=none
ac_cv_f77_libs=' -L/opt/intel/compilers_and_libraries/linux/compiler/lib/intel64_lin -L/opt/intel/compilers_and_libraries/linux/tbb/lib/intel64_lin/gcc4.7 -L/opt/intel/compilers_and_libraries/linux/daal/lib/intel64_lin -L/opt/intel/compilers_and_libraries/linux/tbb/lib/intel64/gcc4.7 -L/opt/intel/compilers_and_libraries/linux/mkl/lib/intel64 -L/opt/intel/compilers_and_libraries/linux/compiler/lib/intel64 -L/opt/intel/compilers_and_libraries/linux/ipp/lib/intel64 -L/opt/intel/compilers_and_libraries_2017.4.196/linux/compiler/lib/intel64_lin -L/opt/apps/gcc/5.4.0/lib/gcc/x86_64-unknown-linux-gnu/5.4.0/ -L/opt/apps/gcc/5.4.0/lib/gcc/x86_64-unknown-linux-gnu/5.4.0/../../../../lib64 -L/opt/apps/gcc/5.4.0/lib/gcc/x86_64-unknown-linux-gnu/5.4.0/../../../../lib64/ -L/lib/../lib64 -L/lib/../lib64/ -L/usr/lib/../lib64 -L/usr/lib/../lib64/ -L/opt/intel/compilers_and_libraries/linux/tbb/lib/intel64_lin/gcc4.7/ -L/opt/intel/compilers_and_libraries/linux/daal/lib/intel64_lin/ -L/opt/intel/compilers_and_libraries/linux/tbb/lib/intel64/gcc4.7/ -L/opt/intel/compilers_and_libraries/linux/mkl/lib/intel64/ -L/opt/intel/compilers_and_libraries/linux/ipp/lib/intel64/ -L/opt/apps/gcc/5.4.0/lib/gcc/x86_64-unknown-linux-gnu/5.4.0/../../../ -L/lib64 -L/lib/ -L/usr/lib64 -L/usr/lib -liomp5 -lifport -lifcoremt -limf -lsvml -lm -lipgo -lirc -lpthread -lirc_s -ldl'
ac_cv_f77_mangling='lower case, underscore, no extra underscore'
ac_cv_fc_compiler_gnu=no
ac_cv_fc_srcext_f90=none
ac_cv_fortran_dummy_main=none
ac_cv_header_inttypes_h=yes
ac_cv_header_malloc_h=yes
ac_cv_header_memory_h=yes
ac_cv_header_stdc=yes
ac_cv_header_stdint_h=yes
ac_cv_header_stdlib_h=yes
ac_cv_header_string_h=yes
ac_cv_header_strings_h=yes
ac_cv_header_sys_stat_h=yes
ac_cv_header_sys_types_h=yes
ac_cv_header_unistd_h=yes
ac_cv_lib_mkl_intel_lp64_DftiComputeForward=no
ac_cv_member_struct_mallinfo_arena=yes
ac_cv_objext=o
ac_cv_path_EGREP='/usr/bin/grep -E'
ac_cv_path_GREP=/usr/bin/grep
ac_cv_prog_CPP='icc -E'
ac_cv_prog_ac_ct_FC=mpif90
ac_cv_prog_cc_c89=
ac_cv_prog_cc_g=yes
ac_cv_prog_f77_g=yes
ac_cv_prog_f77_v=-v
ac_cv_prog_fc_g=yes
ac_cv_prog_make_make_set=yes
ac_cv_prog_ranlib=ranlib
ac_cv_prog_wget='wget -O'
ac_cv_search_dfftw_execute_dft='none required'
ac_cv_search_mpi_init='none required'
ac_cv_sizeof_int_p=8

## ----------------- ##
## Output variables. ##
## ----------------- ##

CC='icc'
CFLAGS='-O3'
CPP='icc -E'
CPPFLAGS='-O3'
Configured for compilation of parallel executables.'
DEFS='-DHAVE_CONFIG_H'
ECHO_C=''
ECHO_N='-n'
ECHO_T=''
EGREP='/usr/bin/grep -E'
EXEEXT=''
EXTLIB_FLAGS=''
F77='mpif90'
FC='mpif90'
FCFLAGS='-g'
FCFLAGS_f90=''
FFLAGS='-O3 -xMIC-AVX512 -fp-model precise -assume byterecl -qopenmp  -nomodule'
FLIBS=' -L/opt/intel/compilers_and_libraries/linux/compiler/lib/intel64_lin -L/opt/intel/compilers_and_libraries/linux/tbb/lib/intel64_lin/gcc4.7 -L/opt/intel/compilers_and_libraries/linux/daal/lib/intel64_lin -L/opt/intel/compilers_and_libraries/linux/tbb/lib/intel64/gcc4.7 -L/opt/intel/compilers_and_libraries/linux/mkl/lib/intel64 -L/opt/intel/compilers_and_libraries/linux/compiler/lib/intel64 -L/opt/intel/compilers_and_libraries/linux/ipp/lib/intel64 -L/opt/intel/compilers_and_libraries_2017.4.196/linux/compiler/lib/intel64_lin -L/opt/apps/gcc/5.4.0/lib/gcc/x86_64-unknown-linux-gnu/5.4.0/ -L/opt/apps/gcc/5.4.0/lib/gcc/x86_64-unknown-linux-gnu/5.4.0/../../../../lib64 -L/opt/apps/gcc/5.4.0/lib/gcc/x86_64-unknown-linux-gnu/5.4.0/../../../../lib64/ -L/lib/../lib64 -L/lib/../lib64/ -L/usr/lib/../lib64 -L/usr/lib/../lib64/ -L/opt/intel/compilers_and_libraries/linux/tbb/lib/intel64_lin/gcc4.7/ -L/opt/intel/compilers_and_libraries/linux/daal/lib/intel64_lin/ -L/opt/intel/compilers_and_libraries/linux/tbb/lib/intel64/gcc4.7/ -L/opt/intel/compilers_and_libraries/linux/mkl/lib/intel64/ -L/opt/intel/compilers_and_libraries/linux/ipp/lib/intel64/ -L/opt/apps/gcc/5.4.0/lib/gcc/x86_64-unknown-linux-gnu/5.4.0/../../../ -L/lib64 -L/lib/ -L/usr/lib64 -L/usr/lib -liomp5 -lifport -lifcoremt -limf -lsvml -lm -lipgo -lirc -lpthread -lirc_s -ldl'
GREP='/usr/bin/grep'
LDFLAGS='-Wl,--as-needed -liomp5 -Wl,--no-as-needed'
LIBOBJS=''
LIBS=''
LTLIBOBJS=''
OBJEXT='o'
PACKAGE_BUGREPORT=''
PACKAGE_NAME='ESPRESSO'
PACKAGE_STRING='ESPRESSO 6.1'
PACKAGE_TARNAME='espresso'
PACKAGE_VERSION='6.1'
PATH_SEPARATOR=':'
SET_MAKE=''
SHELL='/bin/sh'
SIZEOF_INT_P='8'
ac_ct_CC=''
ac_ct_F77=''
ac_ct_FC='mpif90'
ar='ar'
arch='x86_64'
arflags='ruv'
bindir='${exec_prefix}/bin'
blas_libs=' -L/opt/intel/compilers_and_libraries/linux/mkl/lib/intel64 -lmkl_intel_lp64 -lmkl_intel_thread -lmkl_core -liomp5 -lpthread -lm -ldl'
blas_libs_switch='external'
blas_line='BLAS_LIBS= -L/opt/intel/compilers_and_libraries/linux/mkl/lib/intel64 -lmkl_intel_lp64 -lmkl_intel_thread -lmkl_core -liomp5 -lpthread -lm -ldl'
build='x86_64-pc-linux-gnu'
build_alias=''
build_cpu='x86_64'
build_os='linux-gnu'
build_vendor='pc'
cc='icc'
cflags='-O3'
cpp='cpp'
cppflags='-P -traditional'
datadir='${datarootdir}'
datarootdir='${prefix}/share'
dflags='-D__OPENMP -D__INTEL -D__DFTI -D__MPI -D__PARA -D__SCALAPACK -D__ELPA_2016 -D__USE_MANY_FFT -D__NON_BLOCKING_SCATTER -D__EXX_ACE'
docdir='${datarootdir}/doc/${PACKAGE_TARNAME}'
dvidir='${docdir}'
elpa_libs=''
elpa_line='@delete@'
exec_prefix='${prefix}'
extlib_flags=''
f77='ifort'
f90='ifort'
f90flags='$(FFLAGS) -nomodule'
f90rule='$(MPIF90) $(F90FLAGS) -c $<'
fdflags='$(DFLAGS) $(MANUAL_DFLAGS)'
fflags='-O3 -xMIC-AVX512 -fp-model precise -assume byterecl -qopenmp'
fflags_nomain='-nofor_main'
fflags_noopt='-O0 -assume byterecl -g -traceback'
fft_libs='  -L/opt/intel/compilers_and_libraries/linux/mkl/lib/intel64 -lmkl_intel_lp64 -lmkl_intel_thread -lmkl_core -liomp5 -lpthread -lm -ldl'
fft_line='FFT_LIBS=  -L/opt/intel/compilers_and_libraries/linux/mkl/lib/intel64 -lmkl_intel_lp64 -lmkl_intel_thread -lmkl_core -liomp5 -lpthread -lm -ldl'
hdf5_libs=''
hdf5_line=''
host_alias=''
htmldir='${docdir}'
iflags='-I../include/ -I/opt/intel/compilers_and_libraries/linux/mkl/include -I/admin/build/rpms/BUILD/qe-6.1-TACC/elpa-2016.11.001.pre/ELPA_201611001pre/include/elpa_openmp-2016.11.001.pre/modules/'
imod='-I'
includedir='${prefix}/include'
infodir='${datarootdir}/info'
lapack_libs=' -L/opt/intel/compilers_and_libraries/linux/mkl/lib/intel64 -lmkl_intel_lp64 -lmkl_intel_thread -lmkl_core -liomp5 -lpthread -lm -ldl'
lapack_libs_switch='external'
lapack_line='LAPACK_LIBS= -L/opt/intel/compilers_and_libraries/linux/mkl/lib/intel64 -lmkl_intel_lp64 -lmkl_intel_thread -lmkl_core -liomp5 -lpthread -lm -ldl'
ld='mpif90'
ld_libs='-Wl,--as-needed -liomp5 -Wl,--no-as-needed'
ldflags='-Wl,--as-needed -liomp5 -Wl,--no-as-needed'
libdir='${exec_prefix}/lib'
libexecdir='${exec_prefix}/libexec'
localedir='${datarootdir}/locale'
localstatedir='${prefix}/var'
mandir='${datarootdir}/man'
mass_libs=''
mass_line='@delete@'
mpi_libs=''
mpi_line='@delete@'
mpif90='mpif90'
oldincludedir='/usr/include'
parallel_report='Parallel environment detected successfully.\
pdfdir='${docdir}'
pre_fdflags='-fpp '
prefix='/usr/local'
program_transform_name='s,x,x,'
psdir='${docdir}'
ranlib='ranlib'
sbindir='${exec_prefix}/sbin'
scalapack_libs='/admin/build/rpms/BUILD/qe-6.1-TACC/elpa-2016.11.001.pre/ELPA_201611001pre/lib/libelpa_openmp.a -lmkl_scalapack_lp64 -lmkl_blacs_intelmpi_lp64'
scalapack_line='SCALAPACK_LIBS=/admin/build/rpms/BUILD/qe-6.1-TACC/elpa-2016.11.001.pre/ELPA_201611001pre/lib/libelpa_openmp.a -lmkl_scalapack_lp64 -lmkl_blacs_intelmpi_lp64'
sharedstatedir='${prefix}/com'
sysconfdir='${prefix}/etc'
target_alias=''
topdir='/admin/build/rpms/BUILD/qe-6.1-TACC'
wget='wget -O'

## ----------- ##
## confdefs.h. ##
## ----------- ##

#define PACKAGE_NAME "ESPRESSO"
#define PACKAGE_TARNAME "espresso"
#define PACKAGE_VERSION "6.1"
#define PACKAGE_STRING "ESPRESSO 6.1"
#define PACKAGE_BUGREPORT ""
#define STDC_HEADERS 1
#define HAVE_SYS_TYPES_H 1
#define HAVE_SYS_STAT_H 1
#define HAVE_STDLIB_H 1
#define HAVE_STRING_H 1
#define HAVE_MEMORY_H 1
#define HAVE_STRINGS_H 1
#define HAVE_INTTYPES_H 1
#define HAVE_STDINT_H 1
#define HAVE_UNISTD_H 1
#define SIZEOF_INT_P 8
#define HAVE_MALLINFO 1
#define F77_FUNC(name,NAME) name ## _
#define F77_FUNC_(name,NAME) name ## _

configure: exit 0
