This file contains any messages produced by compilers while
running configure, to aid debugging if configure makes a mistake.

It was created by elpa configure 2016.11.001.pre, which was
generated by GNU Autoconf 2.69.  Invocation command line was

  $ ./configure --host=x86_64-unknown-linux-gnu --prefix=/home1/03672/tg829713/vojgroup/code/qe-6.1/elpa-2016.11.001.pre/ELPA_201611001pre --enable-openmp

## --------- ##
## Platform. ##
## --------- ##

hostname = login4.stampede2.tacc.utexas.edu
uname -m = x86_64
uname -r = 3.10.0-514.26.2.el7.x86_64
uname -s = Linux
uname -v = #1 SMP Tue Jul 4 15:04:05 UTC 2017

/usr/bin/uname -p = x86_64
/bin/uname -X     = unknown

/bin/arch              = x86_64
/usr/bin/arch -k       = unknown
/usr/convex/getsysinfo = unknown
/usr/bin/hostinfo      = unknown
/bin/machine           = unknown
/usr/bin/oslevel       = unknown
/bin/universe          = unknown

PATH: /home1/03672/tg829713/bin/Mytools
PATH: /home1/03672/tg829713/code/espresso-dynpy-beef/bin
PATH: /home1/03672/tg829713/local/tsase/tsase/bin
PATH: /home1/03672/tg829713/bin/vtstscripts
PATH: /home1/03672/tg829713/bin/QEtools
PATH: /home1/03672/tg829713/bin
PATH: /home1/03672/tg829713/.local/bin
PATH: /home1/03672/tg829713/bin/Mytools
PATH: /home1/03672/tg829713/code/espresso-dynpy-beef/bin
PATH: /home1/03672/tg829713/local/tsase/tsase/bin
PATH: /home1/03672/tg829713/bin/vtstscripts
PATH: /home1/03672/tg829713/bin/QEtools
PATH: /home1/03672/tg829713/bin
PATH: /home1/03672/tg829713/.local/bin
PATH: /opt/apps/xalt/1.7/bin
PATH: /opt/apps/intel17/python/2.7.13/bin
PATH: /opt/apps/autotools/1.1/bin
PATH: /opt/apps/git/2.9.0/bin
PATH: /opt/intel/compilers_and_libraries_2017.4.196/linux/mpi/intel64/bin
PATH: /opt/intel/compilers_and_libraries_2017.4.196/linux/bin/intel64
PATH: /opt/apps/gcc/5.4.0/bin
PATH: /usr/lib64/qt-3.3/bin
PATH: /usr/local/bin
PATH: /bin
PATH: /usr/bin
PATH: .
PATH: /home1/03672/tg829713/.local/bin
PATH: /home1/03672/tg829713/.local/bin


## ----------- ##
## Core tests. ##
## ----------- ##

configure:2564: checking for a BSD-compatible install
configure:2632: result: /bin/install -c
configure:2643: checking whether build environment is sane
configure:2698: result: yes
configure:2757: checking for x86_64-unknown-linux-gnu-strip
configure:2787: result: no
configure:2797: checking for strip
configure:2813: found /opt/apps/gcc/5.4.0/bin/strip
configure:2824: result: strip
configure:2849: checking for a thread-safe mkdir -p
configure:2888: result: /bin/mkdir -p
configure:2895: checking for gawk
configure:2911: found /bin/gawk
configure:2922: result: gawk
configure:2933: checking whether make sets $(MAKE)
configure:2955: result: yes
configure:2984: checking whether make supports nested variables
configure:3001: result: yes
configure:3135: checking whether to enable maintainer-specific portions of Makefiles
configure:3144: result: no
configure:3172: checking whether make supports nested variables
configure:3189: result: yes
configure:3219: checking for GNU make
configure:3234: result: make
configure:3258: checking for GNU make
configure:3267: result: make
configure:3321: checking whether --enable-openmp is specified
configure:3330: result: yes
configure:3387: checking for style of include used by make
configure:3415: result: GNU
configure:3440: checking whether to compile using MPI
configure:3447: result: yes
configure:3456: checking for x86_64-unknown-linux-gnu-mpicc
configure:3483: result: mpiicc
configure:3560: checking for x86_64-unknown-linux-gnu-gcc
configure:3587: result: mpiicc
configure:3856: checking for C compiler version
configure:3865: mpiicc --version >&5
icc (ICC) 17.0.4 20170411
Copyright (C) 1985-2017 Intel Corporation.  All rights reserved.

configure:3876: $? = 0
configure:3865: mpiicc -v >&5
mpiicc for the Intel(R) MPI Library 2017 Update 3 for Linux*
Copyright(C) 2003-2017, Intel Corporation.  All rights reserved.
icc version 17.0.4 (gcc version 5.4.0 compatibility)
configure:3876: $? = 0
configure:3865: mpiicc -V >&5
Intel(R) C Intel(R) 64 Compiler for applications running on Intel(R) 64, Version 17.0.4.196 Build 20170411
Copyright (C) 1985-2017 Intel Corporation.  All rights reserved.

configure:3876: $? = 0
configure:3865: mpiicc -qversion >&5
icc: command line warning #10006: ignoring unknown option '-qversion'
/lib/../lib64/crt1.o: In function `_start':
(.text+0x20): undefined reference to `main'
configure:3876: $? = 1
configure:3896: checking whether the C compiler works
configure:3918: mpiicc -O2 -xMIC-AVX512 -I/opt/intel/compilers_and_libraries_2017.4.196/linux/mkl/include -fp-model precise  -L/opt/intel/compilers_and_libraries_2017.4.196/linux/mkl/lib/intel64 conftest.c -lmkl_intel_lp64 -lmkl_core -lmkl_intel_thread -Wl,--as-needed -liomp5 -Wl,--no-as-needed >&5
configure:3922: $? = 0
configure:3970: result: yes
configure:3973: checking for C compiler default output file name
configure:3975: result: a.out
configure:3981: checking for suffix of executables
configure:3988: mpiicc -o conftest -O2 -xMIC-AVX512 -I/opt/intel/compilers_and_libraries_2017.4.196/linux/mkl/include -fp-model precise  -L/opt/intel/compilers_and_libraries_2017.4.196/linux/mkl/lib/intel64 conftest.c -lmkl_intel_lp64 -lmkl_core -lmkl_intel_thread -Wl,--as-needed -liomp5 -Wl,--no-as-needed >&5
configure:3992: $? = 0
configure:4014: result: 
configure:4036: checking whether we are cross compiling
configure:4044: mpiicc -o conftest -O2 -xMIC-AVX512 -I/opt/intel/compilers_and_libraries_2017.4.196/linux/mkl/include -fp-model precise  -L/opt/intel/compilers_and_libraries_2017.4.196/linux/mkl/lib/intel64 conftest.c -lmkl_intel_lp64 -lmkl_core -lmkl_intel_thread -Wl,--as-needed -liomp5 -Wl,--no-as-needed >&5
configure:4048: $? = 0
configure:4055: ./conftest

Please verify that both the operating system and the processor support Intel(R) AVX512F, AVX512ER, AVX512PF and AVX512CD instructions.

configure:4059: $? = 1
configure:4074: result: yes
configure:4079: checking for suffix of object files
configure:4101: mpiicc -c -O2 -xMIC-AVX512 -I/opt/intel/compilers_and_libraries_2017.4.196/linux/mkl/include -fp-model precise  conftest.c >&5
configure:4105: $? = 0
configure:4126: result: o
configure:4130: checking whether we are using the GNU C compiler
configure:4149: mpiicc -c -O2 -xMIC-AVX512 -I/opt/intel/compilers_and_libraries_2017.4.196/linux/mkl/include -fp-model precise  conftest.c >&5
configure:4149: $? = 0
configure:4158: result: yes
configure:4167: checking whether mpiicc accepts -g
configure:4187: mpiicc -c -g  conftest.c >&5
configure:4187: $? = 0
configure:4228: result: yes
configure:4245: checking for mpiicc option to accept ISO C89
configure:4308: mpiicc  -c -O2 -xMIC-AVX512 -I/opt/intel/compilers_and_libraries_2017.4.196/linux/mkl/include -fp-model precise  conftest.c >&5
configure:4308: $? = 0
configure:4321: result: none needed
configure:4346: checking whether mpiicc understands -c and -o together
configure:4368: mpiicc -c conftest.c -o conftest2.o
configure:4371: $? = 0
configure:4368: mpiicc -c conftest.c -o conftest2.o
configure:4371: $? = 0
configure:4383: result: yes
configure:4402: checking dependency style of mpiicc
configure:4513: result: gcc3
configure:4555: checking for function MPI_Init
configure:4580: mpiicc -o conftest -O2 -xMIC-AVX512 -I/opt/intel/compilers_and_libraries_2017.4.196/linux/mkl/include -fp-model precise  -L/opt/intel/compilers_and_libraries_2017.4.196/linux/mkl/lib/intel64 conftest.c -lmkl_intel_lp64 -lmkl_core -lmkl_intel_thread -Wl,--as-needed -liomp5 -Wl,--no-as-needed >&5
configure:4580: $? = 0
configure:4587: result: yes
configure:4598: checking for mpi.h
configure:4611: mpiicc -c -O2 -xMIC-AVX512 -I/opt/intel/compilers_and_libraries_2017.4.196/linux/mkl/include -fp-model precise  conftest.c >&5
configure:4611: $? = 0
configure:4612: result: yes
configure:4657: checking for c option to support OpenMP
configure:4672: mpiicc -o conftest -O2 -xMIC-AVX512 -I/opt/intel/compilers_and_libraries_2017.4.196/linux/mkl/include -fp-model precise  -L/opt/intel/compilers_and_libraries_2017.4.196/linux/mkl/lib/intel64 conftest.c -lmkl_intel_lp64 -lmkl_core -lmkl_intel_thread -Wl,--as-needed -liomp5 -Wl,--no-as-needed >&5
conftest.c(15): error: identifier "choke" is undefined
   choke me
   ^

In file included from conftest.c(17):
/opt/intel/compilers_and_libraries_2017.4.196/linux/compiler/include/omp.h(55): error: expected a ";"
      typedef enum omp_sched_t {
      ^

In file included from conftest.c(17):
/opt/intel/compilers_and_libraries_2017.4.196/linux/compiler/include/omp.h(67): error: expected an identifier
      extern void   __KAI_KMPC_CONVENTION  omp_set_schedule          (omp_sched_t, int);
                                                                                   ^

In file included from conftest.c(17):
/opt/intel/compilers_and_libraries_2017.4.196/linux/compiler/include/omp.h(84): error: identifier "omp_sched_t" is undefined
      extern void   __KAI_KMPC_CONVENTION  omp_get_schedule            (omp_sched_t *, int *);
                                                                        ^

compilation aborted for conftest.c (code 2)
configure:4672: $? = 2
configure: failed program was:
| /* confdefs.h */
| #define PACKAGE_NAME "elpa"
| #define PACKAGE_TARNAME "elpa"
| #define PACKAGE_VERSION "2016.11.001.pre"
| #define PACKAGE_STRING "elpa 2016.11.001.pre"
| #define PACKAGE_BUGREPORT "elpa-library@mpcdf.mpg.de"
| #define PACKAGE_URL ""
| #define PACKAGE "elpa"
| #define VERSION "2016.11.001.pre"
| #define WITH_OPENMP 1
| #define WITH_MPI 1
| /* end confdefs.h.  */
| 
| #ifndef _OPENMP
|  choke me
| #endif
| #include <omp.h>
| int main () { return omp_get_num_threads (); }
| 
configure:4689: mpiicc -o conftest -O2 -xMIC-AVX512 -I/opt/intel/compilers_and_libraries_2017.4.196/linux/mkl/include -fp-model precise -fopenmp  -L/opt/intel/compilers_and_libraries_2017.4.196/linux/mkl/lib/intel64 conftest.c -lmkl_intel_lp64 -lmkl_core -lmkl_intel_thread -Wl,--as-needed -liomp5 -Wl,--no-as-needed >&5
configure:4689: $? = 0
configure:4703: result: -fopenmp
configure:4726: checking for x86_64-unknown-linux-gnu-ar
configure:4753: result: xiar
configure:4823: checking the archiver (xiar) interface
configure:4839: mpiicc -c -fopenmp -O2 -xMIC-AVX512 -I/opt/intel/compilers_and_libraries_2017.4.196/linux/mkl/include -fp-model precise  conftest.c >&5
configure:4839: $? = 0
configure:4841: xiar cru libconftest.a conftest.o >&5
xiar: executing 'ar'
configure:4844: $? = 0
configure:4872: result: ar
configure:4901: checking dependency style of mpiicc
configure:5010: result: gcc3
configure:5029: checking whether ELPA library should contain also single precision functions
configure:5038: result: no
configure:5126: checking whether to compile using MPI
configure:5133: result: yes
configure:5142: checking for x86_64-unknown-linux-gnu-mpiifort
configure:5169: result: mpiifort
configure:5247: checking for x86_64-unknown-linux-gnu-gfortran
configure:5274: result: mpiifort
configure:5344: checking for Fortran compiler version
configure:5353: mpiifort --version >&5
ifort (IFORT) 17.0.4 20170411
Copyright (C) 1985-2017 Intel Corporation.  All rights reserved.

configure:5364: $? = 0
configure:5353: mpiifort -v >&5
mpiifort for the Intel(R) MPI Library 2017 Update 3 for Linux*
Copyright(C) 2003-2017, Intel Corporation.  All rights reserved.
ifort version 17.0.4
configure:5364: $? = 0
configure:5353: mpiifort -V >&5
Intel(R) Fortran Intel(R) 64 Compiler for applications running on Intel(R) 64, Version 17.0.4.196 Build 20170411
Copyright (C) 1985-2017 Intel Corporation.  All rights reserved.

configure:5364: $? = 0
configure:5353: mpiifort -qversion >&5
ifort: command line warning #10006: ignoring unknown option '-qversion'
/opt/intel/compilers_and_libraries_2017.4.196/linux/compiler/lib/intel64_lin/for_main.o: In function `main':
for_main.c:(.text+0x2a): undefined reference to `MAIN__'
configure:5364: $? = 1
configure:5373: checking whether we are using the GNU Fortran compiler
configure:5386: mpiifort -c -O2 -xMIC-AVX512 -I/opt/intel/compilers_and_libraries_2017.4.196/linux/mkl/include -I/opt/intel/compilers_and_libraries_2017.4.196/linux/mkl/include/intel64/lp64 -threads  conftest.F >&5
conftest.F(3): error #5082: Syntax error, found END-OF-STATEMENT when expecting one of: => = . [ % ( :
       choke me
---------------^
compilation aborted for conftest.F (code 1)
configure:5386: $? = 1
configure: failed program was:
|       program main
| #ifndef __GNUC__
|        choke me
| #endif
| 
|       end
configure:5395: result: no
configure:5401: checking whether mpiifort accepts -g
configure:5412: mpiifort -c -g  conftest.f >&5
configure:5412: $? = 0
configure:5420: result: yes
configure:5475: checking for function MPI_INIT
configure:5487: mpiifort -o conftest -O2 -xMIC-AVX512 -I/opt/intel/compilers_and_libraries_2017.4.196/linux/mkl/include -I/opt/intel/compilers_and_libraries_2017.4.196/linux/mkl/include/intel64/lp64 -threads -L/opt/intel/compilers_and_libraries_2017.4.196/linux/mkl/lib/intel64  conftest.f -lmkl_intel_lp64 -lmkl_core -lmkl_intel_thread -Wl,--as-needed -liomp5 -Wl,--no-as-needed >&5
configure:5487: $? = 0
configure:5494: result: yes
configure:5505: checking for mpif.h
configure:5514: mpiifort -c -O2 -xMIC-AVX512 -I/opt/intel/compilers_and_libraries_2017.4.196/linux/mkl/include -I/opt/intel/compilers_and_libraries_2017.4.196/linux/mkl/include/intel64/lp64 -threads  conftest.f >&5
configure:5514: $? = 0
configure:5515: result: yes
configure:5558: checking for fc option to support OpenMP
configure:5573: mpiifort -o conftest -O2 -xMIC-AVX512 -I/opt/intel/compilers_and_libraries_2017.4.196/linux/mkl/include -I/opt/intel/compilers_and_libraries_2017.4.196/linux/mkl/include/intel64/lp64 -threads -L/opt/intel/compilers_and_libraries_2017.4.196/linux/mkl/lib/intel64  conftest.f -lmkl_intel_lp64 -lmkl_core -lmkl_intel_thread -Wl,--as-needed -liomp5 -Wl,--no-as-needed >&5
conftest.f(6): error #6404: This name does not have a type, and must have an explicit type.   [FOOBAR]
       foobar = omp_get_num_threads()
-------^
compilation aborted for conftest.f (code 1)
configure:5573: $? = 1
configure: failed program was:
| 
|       program test_openmp
|        use omp_lib
|        implicit none
| !$     integer :: foobar
|        foobar = omp_get_num_threads()
|       end program
| 
configure:5590: mpiifort -o conftest -O2 -xMIC-AVX512 -I/opt/intel/compilers_and_libraries_2017.4.196/linux/mkl/include -I/opt/intel/compilers_and_libraries_2017.4.196/linux/mkl/include/intel64/lp64 -threads -fopenmp -L/opt/intel/compilers_and_libraries_2017.4.196/linux/mkl/lib/intel64  conftest.f -lmkl_intel_lp64 -lmkl_core -lmkl_intel_thread -Wl,--as-needed -liomp5 -Wl,--no-as-needed >&5
configure:5590: $? = 0
configure:5604: result: -fopenmp
configure:5626: checking for mpiexec.hydra
configure:5642: found /opt/intel/compilers_and_libraries_2017.4.196/linux/mpi/intel64/bin/mpiexec.hydra
configure:5653: result: mpiexec.hydra
configure:5704: checking whether stdout/stderr file redirect should be enabled
configure:5713: result: no
configure:5730: checking whether ELPA should be build with more detailed timing support
configure:5739: result: no
configure:5833: checking whether double-precision SSE assembly kernel can be compiled
configure:5848: result: yes
configure:5874: checking whether we can compile SSE with gcc intrinsics in C
configure:5887: mpiicc -c -fopenmp -O2 -xMIC-AVX512 -I/opt/intel/compilers_and_libraries_2017.4.196/linux/mkl/include -fp-model precise  conftest.c >&5
configure:5887: $? = 0
configure:5894: result: yes
configure:5919: checking whether --enable-avx is specified
configure:5928: result: yes
configure:5932: checking whether we can compile AVX intrinsics in C
configure:5945: mpiicc -c -fopenmp -O2 -xMIC-AVX512 -I/opt/intel/compilers_and_libraries_2017.4.196/linux/mkl/include -fp-model precise  conftest.c >&5
configure:5945: $? = 0
configure:5952: result: yes
configure:5959: checking whether --enable-avx2 is specified
configure:5968: result: yes
configure:5972: checking whether we can compile AVX2 intrinsics in C
configure:5986: mpiicc -c -fopenmp -O2 -xMIC-AVX512 -I/opt/intel/compilers_and_libraries_2017.4.196/linux/mkl/include -fp-model precise  conftest.c >&5
configure:5986: $? = 0
configure:5993: result: yes
configure:6086: checking whether AVX optimization flags should be set automatically
configure:6096: result: no
configure:6112: checking for Fortran flag needed to accept free-form source
configure:6131: mpiifort -c -fopenmp -O2 -xMIC-AVX512 -I/opt/intel/compilers_and_libraries_2017.4.196/linux/mkl/include -I/opt/intel/compilers_and_libraries_2017.4.196/linux/mkl/include/intel64/lp64 -threads  conftest.f >&5
conftest.f(2): error #5149: Illegal character in statement label field  [p]
  program freeform
--^
conftest.f(2): error #5149: Illegal character in statement label field  [r]
  program freeform
---^
conftest.f(2): error #5149: Illegal character in statement label field  [o]
  program freeform
----^
conftest.f(2): error #5118: First statement in file must not be continued
  program freeform
-----^
conftest.f(2): error #5082: Syntax error, found END-OF-STATEMENT when expecting one of: => = . [ % ( :
  program freeform
------------------^
conftest.f(4): error #5082: Syntax error, found '&' when expecting one of: <REAL_KIND_CON> <REAL_CONSTANT> <DBLPRC_CONSTANT> <DBLPRC_KIND_CON> <QUAPRC_CONSTANT> ...
       print *, 'Hello ', &
--------------------------^
conftest.f(5): error #5082: Syntax error, found END-OF-STATEMENT when expecting one of: (
          'world.'
------------------^
compilation aborted for conftest.f (code 1)
configure:6131: $? = 1
configure: failed program was:
| 
|   program freeform
|        ! FIXME: how to best confuse non-freeform compilers?
|        print *, 'Hello ', &
|           'world.'
|        end
configure:6131: mpiifort -c -fopenmp -O2 -xMIC-AVX512 -I/opt/intel/compilers_and_libraries_2017.4.196/linux/mkl/include -I/opt/intel/compilers_and_libraries_2017.4.196/linux/mkl/include/intel64/lp64 -threads -ffree-form  conftest.f >&5
ifort: command line warning #10006: ignoring unknown option '-ffree-form'
conftest.f(2): error #5149: Illegal character in statement label field  [p]
  program freeform
--^
conftest.f(2): error #5149: Illegal character in statement label field  [r]
  program freeform
---^
conftest.f(2): error #5149: Illegal character in statement label field  [o]
  program freeform
----^
conftest.f(2): error #5118: First statement in file must not be continued
  program freeform
-----^
conftest.f(2): error #5082: Syntax error, found END-OF-STATEMENT when expecting one of: => = . [ % ( :
  program freeform
------------------^
conftest.f(4): error #5082: Syntax error, found '&' when expecting one of: <REAL_KIND_CON> <REAL_CONSTANT> <DBLPRC_CONSTANT> <DBLPRC_KIND_CON> <QUAPRC_CONSTANT> ...
       print *, 'Hello ', &
--------------------------^
conftest.f(5): error #5082: Syntax error, found END-OF-STATEMENT when expecting one of: (
          'world.'
------------------^
compilation aborted for conftest.f (code 1)
configure:6131: $? = 1
configure: failed program was:
| 
|   program freeform
|        ! FIXME: how to best confuse non-freeform compilers?
|        print *, 'Hello ', &
|           'world.'
|        end
configure:6131: mpiifort -c -fopenmp -O2 -xMIC-AVX512 -I/opt/intel/compilers_and_libraries_2017.4.196/linux/mkl/include -I/opt/intel/compilers_and_libraries_2017.4.196/linux/mkl/include/intel64/lp64 -threads -FR  conftest.f >&5
configure:6131: $? = 0
configure:6140: result: -FR
configure:6156: checking Fortran 90 module inclusion flag
configure:6178: mpiifort -c -fopenmp -O2 -xMIC-AVX512 -I/opt/intel/compilers_and_libraries_2017.4.196/linux/mkl/include -I/opt/intel/compilers_and_libraries_2017.4.196/linux/mkl/include/intel64/lp64 -threads -FR  conftest.f >&5
configure:6178: $? = 0
configure:6192: mpiifort -c -fopenmp -O2 -xMIC-AVX512 -I/opt/intel/compilers_and_libraries_2017.4.196/linux/mkl/include -I/opt/intel/compilers_and_libraries_2017.4.196/linux/mkl/include/intel64/lp64 -threads -FR -Mconftest.dir -Mconftest.dir  conftest.f >&5
ifort: command line warning #10006: ignoring unknown option '-Mconftest.dir'
ifort: command line warning #10006: ignoring unknown option '-Mconftest.dir'
conftest.f(3): error #7002: Error in opening the compiled module file.  Check INCLUDE paths.   [CONFTEST_MODULE]
      use conftest_module
----------^
compilation aborted for conftest.f (code 1)
configure:6192: $? = 1
configure: failed program was:
| 
|       program main
|       use conftest_module
|       call conftest_routine
|       end program
configure:6192: mpiifort -c -fopenmp -O2 -xMIC-AVX512 -I/opt/intel/compilers_and_libraries_2017.4.196/linux/mkl/include -I/opt/intel/compilers_and_libraries_2017.4.196/linux/mkl/include/intel64/lp64 -threads -FR -Iconftest.dir -Iconftest.dir  conftest.f >&5
configure:6192: $? = 0
configure:6212: result: -I
configure:6227: checking Fortran 90 module output flag
configure:6255: mpiifort -c -fopenmp -O2 -xMIC-AVX512 -I/opt/intel/compilers_and_libraries_2017.4.196/linux/mkl/include -I/opt/intel/compilers_and_libraries_2017.4.196/linux/mkl/include/intel64/lp64 -threads -FR -Jsub  conftest.f >&5
ifort: command line warning #10006: ignoring unknown option '-Jsub'
configure:6255: $? = 0
configure:6264: mpiifort -c -fopenmp -O2 -xMIC-AVX512 -I/opt/intel/compilers_and_libraries_2017.4.196/linux/mkl/include -I/opt/intel/compilers_and_libraries_2017.4.196/linux/mkl/include/intel64/lp64 -threads -FR -Jsub  conftest.f >&5
ifort: command line warning #10006: ignoring unknown option '-Jsub'
conftest.f(3): error #7002: Error in opening the compiled module file.  Check INCLUDE paths.   [CONFTEST_MODULE]
      use conftest_module
----------^
compilation aborted for conftest.f (code 1)
configure:6264: $? = 1
configure: failed program was:
| 
|       program main
|       use conftest_module
|       call conftest_routine
|       end program
configure:6255: mpiifort -c -fopenmp -O2 -xMIC-AVX512 -I/opt/intel/compilers_and_libraries_2017.4.196/linux/mkl/include -I/opt/intel/compilers_and_libraries_2017.4.196/linux/mkl/include/intel64/lp64 -threads -FR -J sub  conftest.f >&5
ifort: command line warning #10006: ignoring unknown option '-J'
ifort: warning #10145: no action performed for file 'sub'
configure:6255: $? = 0
configure:6264: mpiifort -c -fopenmp -O2 -xMIC-AVX512 -I/opt/intel/compilers_and_libraries_2017.4.196/linux/mkl/include -I/opt/intel/compilers_and_libraries_2017.4.196/linux/mkl/include/intel64/lp64 -threads -FR -J sub  conftest.f >&5
ifort: command line warning #10006: ignoring unknown option '-J'
ifort: error #10236: File not found:  'sub'
conftest.f(3): error #7002: Error in opening the compiled module file.  Check INCLUDE paths.   [CONFTEST_MODULE]
      use conftest_module
----------^
compilation aborted for conftest.f (code 1)
configure:6264: $? = 1
configure: failed program was:
| 
|       program main
|       use conftest_module
|       call conftest_routine
|       end program
configure:6255: mpiifort -c -fopenmp -O2 -xMIC-AVX512 -I/opt/intel/compilers_and_libraries_2017.4.196/linux/mkl/include -I/opt/intel/compilers_and_libraries_2017.4.196/linux/mkl/include/intel64/lp64 -threads -FR -fmod=sub  conftest.f >&5
ifort: command line warning #10006: ignoring unknown option '-fmod=sub'
configure:6255: $? = 0
configure:6264: mpiifort -c -fopenmp -O2 -xMIC-AVX512 -I/opt/intel/compilers_and_libraries_2017.4.196/linux/mkl/include -I/opt/intel/compilers_and_libraries_2017.4.196/linux/mkl/include/intel64/lp64 -threads -FR -fmod=sub  conftest.f >&5
ifort: command line warning #10006: ignoring unknown option '-fmod=sub'
conftest.f(3): error #7002: Error in opening the compiled module file.  Check INCLUDE paths.   [CONFTEST_MODULE]
      use conftest_module
----------^
compilation aborted for conftest.f (code 1)
configure:6264: $? = 1
configure: failed program was:
| 
|       program main
|       use conftest_module
|       call conftest_routine
|       end program
configure:6255: mpiifort -c -fopenmp -O2 -xMIC-AVX512 -I/opt/intel/compilers_and_libraries_2017.4.196/linux/mkl/include -I/opt/intel/compilers_and_libraries_2017.4.196/linux/mkl/include/intel64/lp64 -threads -FR -moddir=sub  conftest.f >&5
ifort: command line warning #10159: invalid argument for option '-m'
configure:6255: $? = 0
configure:6264: mpiifort -c -fopenmp -O2 -xMIC-AVX512 -I/opt/intel/compilers_and_libraries_2017.4.196/linux/mkl/include -I/opt/intel/compilers_and_libraries_2017.4.196/linux/mkl/include/intel64/lp64 -threads -FR -moddir=sub  conftest.f >&5
ifort: command line warning #10159: invalid argument for option '-m'
conftest.f(3): error #7002: Error in opening the compiled module file.  Check INCLUDE paths.   [CONFTEST_MODULE]
      use conftest_module
----------^
compilation aborted for conftest.f (code 1)
configure:6264: $? = 1
configure: failed program was:
| 
|       program main
|       use conftest_module
|       call conftest_routine
|       end program
configure:6255: mpiifort -c -fopenmp -O2 -xMIC-AVX512 -I/opt/intel/compilers_and_libraries_2017.4.196/linux/mkl/include -I/opt/intel/compilers_and_libraries_2017.4.196/linux/mkl/include/intel64/lp64 -threads -FR +moddir=sub  conftest.f >&5
ifort: error #10236: File not found:  '+moddir=sub'
configure:6255: $? = 1
configure: failed program was:
| 
|       module conftest_module
|       contains
|       subroutine conftest_routine
|       write(*,'(a)') 'gotcha!'
|       end subroutine
|       end module
configure:6255: mpiifort -c -fopenmp -O2 -xMIC-AVX512 -I/opt/intel/compilers_and_libraries_2017.4.196/linux/mkl/include -I/opt/intel/compilers_and_libraries_2017.4.196/linux/mkl/include/intel64/lp64 -threads -FR -qmoddir=sub  conftest.f >&5
ifort: command line warning #10006: ignoring unknown option '-qmoddir=sub'
configure:6255: $? = 0
configure:6264: mpiifort -c -fopenmp -O2 -xMIC-AVX512 -I/opt/intel/compilers_and_libraries_2017.4.196/linux/mkl/include -I/opt/intel/compilers_and_libraries_2017.4.196/linux/mkl/include/intel64/lp64 -threads -FR -qmoddir=sub  conftest.f >&5
ifort: command line warning #10006: ignoring unknown option '-qmoddir=sub'
conftest.f(3): error #7002: Error in opening the compiled module file.  Check INCLUDE paths.   [CONFTEST_MODULE]
      use conftest_module
----------^
compilation aborted for conftest.f (code 1)
configure:6264: $? = 1
configure: failed program was:
| 
|       program main
|       use conftest_module
|       call conftest_routine
|       end program
configure:6255: mpiifort -c -fopenmp -O2 -xMIC-AVX512 -I/opt/intel/compilers_and_libraries_2017.4.196/linux/mkl/include -I/opt/intel/compilers_and_libraries_2017.4.196/linux/mkl/include/intel64/lp64 -threads -FR -mod sub  conftest.f >&5
configure:6255: $? = 0
configure:6264: mpiifort -c -fopenmp -O2 -xMIC-AVX512 -I/opt/intel/compilers_and_libraries_2017.4.196/linux/mkl/include -I/opt/intel/compilers_and_libraries_2017.4.196/linux/mkl/include/intel64/lp64 -threads -FR -mod sub  conftest.f >&5
configure:6264: $? = 0
configure:6285: result: -mod 
configure:6303: checking build system type
configure:6317: result: x86_64-unknown-linux-gnu
configure:6337: checking host system type
configure:6350: result: x86_64-unknown-linux-gnu
configure:6374: checking how to get verbose linking output from mpiifort
configure:6384: mpiifort -c -fopenmp -O2 -xMIC-AVX512 -I/opt/intel/compilers_and_libraries_2017.4.196/linux/mkl/include -I/opt/intel/compilers_and_libraries_2017.4.196/linux/mkl/include/intel64/lp64 -threads -FR  conftest.f >&5
configure:6384: $? = 0
configure:6402: mpiifort -o conftest -fopenmp -O2 -xMIC-AVX512 -I/opt/intel/compilers_and_libraries_2017.4.196/linux/mkl/include -I/opt/intel/compilers_and_libraries_2017.4.196/linux/mkl/include/intel64/lp64 -threads -FR -v -L/opt/intel/compilers_and_libraries_2017.4.196/linux/mkl/lib/intel64 conftest.f -lmkl_intel_lp64 -lmkl_core -lmkl_intel_thread -Wl,--as-needed -liomp5 -Wl,--no-as-needed
mpiifort for the Intel(R) MPI Library 2017 Update 3 for Linux*
Copyright(C) 2003-2017, Intel Corporation.  All rights reserved.
ifort version 17.0.4
/opt/intel/compilers_and_libraries_2017.4.196/linux/bin/intel64/fortcom    -D__INTEL_COMPILER=1700 -D__INTEL_COMPILER_UPDATE=4 -D__unix__ -D__unix -D__linux__ -D__linux -D__gnu_linux__ -Dunix -Dlinux -D__ELF__ -D__x86_64 -D__x86_64__ -D__amd64 -D__amd64__ -D__INTEL_COMPILER_BUILD_DATE=20170411 -D_OPENMP=201511 -D__INTEL_OFFLOAD -D__pentium4 -D__pentium4__ -D__tune_pentium4__ -D__SSE2__ -D__SSE2_MATH__ -D__SSE3__ -D__SSSE3__ -D__SSE4_1__ -D__SSE4_2__ -D__SSE__ -D__SSE_MATH__ -D__MMX__ -D__AVX__ -D__AVX_I__ -D__AVX2__ -D__FMA__ -D__BETA_BDW__ -D__AVX512F__ -D__AVX512CD__ -D__AVX512ER__ -D__AVX512PF__ -mGLOB_pack_sort_init_list -I. -I/opt/intel/compilers_and_libraries_2017.4.196/linux/mkl/include -I/opt/intel/compilers_and_libraries_2017.4.196/linux/mkl/include/intel64/lp64 -I/opt/intel/compilers_and_libraries_2017.4.196/linux/mpi/intel64/include -I/opt/intel/compilers_and_libraries_2017.4.196/linux/mpi/intel64/include -I/opt/intel/compilers_and_libraries_2017.4.196/linux/daal/include -I/opt/intel/compilers_and_libraries_2017.4.196/linux/tbb/include -I/opt/intel/compilers_and_libraries_2017.4.196/linux/mkl/include -I/opt/intel/compilers_and_libraries_2017.4.196/linux/ipp/include -I/opt/intel/compilers_and_libraries_2017.4.196/linux/compiler/include/intel64 -I/opt/intel/compilers_and_libraries_2017.4.196/linux/compiler/include/icc -I/opt/intel/compilers_and_libraries_2017.4.196/linux/compiler/include -I/usr/local/include -I/opt/apps/gcc/5.4.0/lib/gcc/x86_64-unknown-linux-gnu/5.4.0/include -I/opt/apps/gcc/5.4.0/lib/gcc/x86_64-unknown-linux-gnu/5.4.0/include-fixed -I/opt/apps/gcc/5.4.0/include/ -I/usr/include -automatic -free -omp -omp_simd -omp_offload -O2 "-reentrancy threaded" -simd -offload_host -mGLOB_em64t=TRUE -mP1OPT_version=17.0-intel64 -mGLOB_diag_file=/tmp/ifortGGBIcA.diag -mGLOB_long_size_64 -mGLOB_routine_pointer_size_64 -mGLOB_source_language=GLOB_SOURCE_LANGUAGE_F90 -mP2OPT_static_promotion -mP1OPT_print_version=FALSE -mCG_use_gas_got_workaround=F -mP2OPT_align_option_used=TRUE -mGLOB_gcc_version=540 "-mGLOB_options_string=-I/opt/intel/compilers_and_libraries_2017.4.196/linux/mkl/include -I/opt/intel/compilers_and_libraries_2017.4.196/linux/mkl/include/intel64/lp64 -I/opt/intel/compilers_and_libraries_2017.4.196/linux/mpi/intel64/include -I/opt/intel/compilers_and_libraries_2017.4.196/linux/mpi/intel64/include -o conftest -fopenmp -O2 -xMIC-AVX512 -threads -FR -v -L/opt/intel/compilers_and_libraries_2017.4.196/linux/mkl/lib/intel64 -lmkl_intel_lp64 -lmkl_core -lmkl_intel_thread -Wl,--as-needed -liomp5 -Wl,--no-as-needed -L/opt/intel/compilers_and_libraries_2017.4.196/linux/mpi/intel64/lib/release_mt -L/opt/intel/compilers_and_libraries_2017.4.196/linux/mpi/intel64/lib -Xlinker --enable-new-dtags -Xlinker -rpath -Xlinker /opt/intel/compilers_and_libraries_2017.4.196/linux/mpi/intel64/lib/release_mt -Xlinker -rpath -Xlinker /opt/intel/compilers_and_libraries_2017.4.196/linux/mpi/intel64/lib -Xlinker -rpath -Xlinker /opt/intel/mpi-rt/2017.0.0/intel64/lib/release_mt -Xlinker -rpath -Xlinker /opt/intel/mpi-rt/2017.0.0/intel64/lib -lmpifort -lmpi -lmpigi -ldl -lrt -lpthread" -mGLOB_cxx_limited_range=FALSE -mCG_extend_parms=FALSE -mGLOB_compiler_bin_directory=/opt/intel/compilers_and_libraries_2017.4.196/linux/bin/intel64 -mGLOB_as_output_backup_file_name=/tmp/ifortqEDB7oas_.s -mGLOB_dashboard_use_source_name -mIPOPT_activate -mIPOPT_lite -mGLOB_instruction_tuning=0x0 -mGLOB_uarch_tuning=0x0 -mGLOB_product_id_code=0x22006d8f -mCG_bnl_movbe=T -mGLOB_extended_instructions=0x40000 -mGLOB_advanced_optim=TRUE -mP3OPT_use_mspp_call_convention -mP2OPT_subs_out_of_bound=FALSE -mP2OPT_disam_type_based_disam=2 -mGLOB_ansi_alias -mPGOPTI_value_profile_use=T -mGLOB_opt_report_use_source_name -mPAROPT_openmp=TRUE -mP2OPT_il0_array_sections=TRUE -mGLOB_offload_mode=1 -mP2OPT_offload_unique_var_string=ifort0400813415SdAl0w -mGLOB_opt_level=2 -mP2OPT_hlo_level=2 -mP2OPT_hlo -mP2OPT_hpo_rtt_control=0 -mIPOPT_args_in_regs=0 -mP2OPT_disam_assume_nonstd_intent_in=FALSE -mGLOB_imf_mapping_library=/opt/intel/compilers_and_libraries_2017.4.196/linux/bin/intel64/libiml_attr.so -mIPOPT_single_file_compile_and_link=TRUE -mPGOPTI_gen_threadsafe_level=0 -mIPOPT_lto_object_enabled -mIPOPT_lto_object_value=1 -mIPOPT_obj_output_file_name=/tmp/ifortGGBIcA.o -mIPOPT_whole_archive_fixup_file_name=/tmp/ifortwarchLvz35d -mGLOB_linker_version=2.26.20160125 -mGLOB_driver_tempfile_name=/tmp/iforttempfileLS2RBD -mP3OPT_asm_target=P3OPT_ASM_TARGET_GAS -mGLOB_async_unwind_tables=TRUE -mGLOB_obj_output_file=/tmp/ifortGGBIcA.o -mGLOB_source_dialect=GLOB_SOURCE_DIALECT_FORTRAN -mP1OPT_source_file_name=conftest.f -mP1OPT_full_source_file_name=/home1/03672/tg829713/vojgroup/code/qe-6.1/elpa-2016.11.001.pre/conftest.f -mP2OPT_symtab_type_copy=true conftest.f
#include "..." search starts here:
#include <...> search starts here:
 .
 /opt/intel/compilers_and_libraries_2017.4.196/linux/mkl/include
 /opt/intel/compilers_and_libraries_2017.4.196/linux/mkl/include/intel64/lp64
 /opt/intel/compilers_and_libraries_2017.4.196/linux/mpi/intel64/include
 /opt/intel/compilers_and_libraries_2017.4.196/linux/mpi/intel64/include
 /opt/intel/compilers_and_libraries_2017.4.196/linux/daal/include
 /opt/intel/compilers_and_libraries_2017.4.196/linux/tbb/include
 /opt/intel/compilers_and_libraries_2017.4.196/linux/mkl/include
 /opt/intel/compilers_and_libraries_2017.4.196/linux/ipp/include
 /opt/intel/compilers_and_libraries_2017.4.196/linux/compiler/include/intel64
 /opt/intel/compilers_and_libraries_2017.4.196/linux/compiler/include/icc
 /opt/intel/compilers_and_libraries_2017.4.196/linux/compiler/include
 /usr/local/include
 /opt/apps/gcc/5.4.0/lib/gcc/x86_64-unknown-linux-gnu/5.4.0/include
 /opt/apps/gcc/5.4.0/lib/gcc/x86_64-unknown-linux-gnu/5.4.0/include-fixed
 /opt/apps/gcc/5.4.0/include/
 /usr/include
End of search list.
ld    /lib/../lib64/crt1.o /lib/../lib64/crti.o /opt/apps/gcc/5.4.0/lib/gcc/x86_64-unknown-linux-gnu/5.4.0/crtbegin.o --eh-frame-hdr --build-id -dynamic-linker /lib64/ld-linux-x86-64.so.2 -m elf_x86_64 -L/opt/intel/compilers_and_libraries_2017.4.196/linux/mkl/lib/intel64 -L/opt/intel/compilers_and_libraries_2017.4.196/linux/mpi/intel64/lib/release_mt -L/opt/intel/compilers_and_libraries_2017.4.196/linux/mpi/intel64/lib -o conftest /opt/intel/compilers_and_libraries_2017.4.196/linux/compiler/lib/intel64_lin/for_main.o -L/opt/intel/compilers_and_libraries_2017.4.196/linux/tbb/lib/intel64_lin/gcc4.4 -L/opt/intel/compilers_and_libraries_2017.4.196/linux/daal/lib/intel64_lin -L/opt/intel/compilers_and_libraries_2017.4.196/linux/tbb/lib/intel64/gcc4.7 -L/opt/intel/compilers_and_libraries_2017.4.196/linux/mkl/lib/intel64_lin -L/opt/intel/compilers_and_libraries_2017.4.196/linux/compiler/lib/intel64_lin -L/opt/intel/compilers_and_libraries_2017.4.196/linux/ipp/lib/intel64 -L/opt/intel/compilers_and_libraries_2017.4.196/linux/compiler/lib/intel64_lin -L/opt/apps/gcc/5.4.0/lib/gcc/x86_64-unknown-linux-gnu/5.4.0/ -L/opt/apps/gcc/5.4.0/lib/gcc/x86_64-unknown-linux-gnu/5.4.0/../../../../lib64 -L/opt/apps/gcc/5.4.0/lib/gcc/x86_64-unknown-linux-gnu/5.4.0/../../../../lib64/ -L/lib/../lib64 -L/lib/../lib64/ -L/usr/lib/../lib64 -L/usr/lib/../lib64/ -L/opt/intel/compilers_and_libraries_2017.4.196/linux/tbb/lib/intel64_lin/gcc4.4/ -L/opt/intel/compilers_and_libraries_2017.4.196/linux/daal/lib/intel64_lin/ -L/opt/intel/compilers_and_libraries_2017.4.196/linux/tbb/lib/intel64/gcc4.7/ -L/opt/intel/compilers_and_libraries_2017.4.196/linux/mkl/lib/intel64_lin/ -L/opt/intel/compilers_and_libraries_2017.4.196/linux/compiler/lib/intel64_lin/ -L/opt/intel/compilers_and_libraries_2017.4.196/linux/ipp/lib/intel64/ -L/opt/apps/gcc/5.4.0/lib/gcc/x86_64-unknown-linux-gnu/5.4.0/../../../ -L/lib64 -L/lib/ -L/usr/lib64 -L/usr/lib /tmp/ifortGGBIcA.o -lmkl_intel_lp64 -lmkl_core -lmkl_intel_thread --as-needed -liomp5 --no-as-needed --enable-new-dtags -rpath /opt/intel/compilers_and_libraries_2017.4.196/linux/mpi/intel64/lib/release_mt -rpath /opt/intel/compilers_and_libraries_2017.4.196/linux/mpi/intel64/lib -rpath /opt/intel/mpi-rt/2017.0.0/intel64/lib/release_mt -rpath /opt/intel/mpi-rt/2017.0.0/intel64/lib -lmpifort -lmpi -lmpigi -ldl -lrt -lpthread -Bdynamic -Bstatic -lifport -lifcoremt -limf -lsvml -Bdynamic -lm -Bstatic -lipgo -Bdynamic -liomp5 -Bstatic -lirc -Bdynamic -lpthread -Bstatic -lsvml -Bdynamic -lc -lgcc -lgcc_s -Bstatic -lirc_s -Bdynamic -ldl -lc /opt/apps/gcc/5.4.0/lib/gcc/x86_64-unknown-linux-gnu/5.4.0/crtend.o /lib/../lib64/crtn.o
configure:6485: result: -v
configure:6487: checking for Fortran libraries of mpiifort
configure:6510: mpiifort -o conftest -fopenmp -O2 -xMIC-AVX512 -I/opt/intel/compilers_and_libraries_2017.4.196/linux/mkl/include -I/opt/intel/compilers_and_libraries_2017.4.196/linux/mkl/include/intel64/lp64 -threads -FR -v -L/opt/intel/compilers_and_libraries_2017.4.196/linux/mkl/lib/intel64 conftest.f -lmkl_intel_lp64 -lmkl_core -lmkl_intel_thread -Wl,--as-needed -liomp5 -Wl,--no-as-needed
mpiifort for the Intel(R) MPI Library 2017 Update 3 for Linux*
Copyright(C) 2003-2017, Intel Corporation.  All rights reserved.
ifort version 17.0.4
/opt/intel/compilers_and_libraries_2017.4.196/linux/bin/intel64/fortcom    -D__INTEL_COMPILER=1700 -D__INTEL_COMPILER_UPDATE=4 -D__unix__ -D__unix -D__linux__ -D__linux -D__gnu_linux__ -Dunix -Dlinux -D__ELF__ -D__x86_64 -D__x86_64__ -D__amd64 -D__amd64__ -D__INTEL_COMPILER_BUILD_DATE=20170411 -D_OPENMP=201511 -D__INTEL_OFFLOAD -D__pentium4 -D__pentium4__ -D__tune_pentium4__ -D__SSE2__ -D__SSE2_MATH__ -D__SSE3__ -D__SSSE3__ -D__SSE4_1__ -D__SSE4_2__ -D__SSE__ -D__SSE_MATH__ -D__MMX__ -D__AVX__ -D__AVX_I__ -D__AVX2__ -D__FMA__ -D__BETA_BDW__ -D__AVX512F__ -D__AVX512CD__ -D__AVX512ER__ -D__AVX512PF__ -mGLOB_pack_sort_init_list -I. -I/opt/intel/compilers_and_libraries_2017.4.196/linux/mkl/include -I/opt/intel/compilers_and_libraries_2017.4.196/linux/mkl/include/intel64/lp64 -I/opt/intel/compilers_and_libraries_2017.4.196/linux/mpi/intel64/include -I/opt/intel/compilers_and_libraries_2017.4.196/linux/mpi/intel64/include -I/opt/intel/compilers_and_libraries_2017.4.196/linux/daal/include -I/opt/intel/compilers_and_libraries_2017.4.196/linux/tbb/include -I/opt/intel/compilers_and_libraries_2017.4.196/linux/mkl/include -I/opt/intel/compilers_and_libraries_2017.4.196/linux/ipp/include -I/opt/intel/compilers_and_libraries_2017.4.196/linux/compiler/include/intel64 -I/opt/intel/compilers_and_libraries_2017.4.196/linux/compiler/include/icc -I/opt/intel/compilers_and_libraries_2017.4.196/linux/compiler/include -I/usr/local/include -I/opt/apps/gcc/5.4.0/lib/gcc/x86_64-unknown-linux-gnu/5.4.0/include -I/opt/apps/gcc/5.4.0/lib/gcc/x86_64-unknown-linux-gnu/5.4.0/include-fixed -I/opt/apps/gcc/5.4.0/include/ -I/usr/include -automatic -free -omp -omp_simd -omp_offload -O2 "-reentrancy threaded" -simd -offload_host -mGLOB_em64t=TRUE -mP1OPT_version=17.0-intel64 -mGLOB_diag_file=/tmp/ifortmvQiQ5.diag -mGLOB_long_size_64 -mGLOB_routine_pointer_size_64 -mGLOB_source_language=GLOB_SOURCE_LANGUAGE_F90 -mP2OPT_static_promotion -mP1OPT_print_version=FALSE -mCG_use_gas_got_workaround=F -mP2OPT_align_option_used=TRUE -mGLOB_gcc_version=540 "-mGLOB_options_string=-I/opt/intel/compilers_and_libraries_2017.4.196/linux/mkl/include -I/opt/intel/compilers_and_libraries_2017.4.196/linux/mkl/include/intel64/lp64 -I/opt/intel/compilers_and_libraries_2017.4.196/linux/mpi/intel64/include -I/opt/intel/compilers_and_libraries_2017.4.196/linux/mpi/intel64/include -o conftest -fopenmp -O2 -xMIC-AVX512 -threads -FR -v -L/opt/intel/compilers_and_libraries_2017.4.196/linux/mkl/lib/intel64 -lmkl_intel_lp64 -lmkl_core -lmkl_intel_thread -Wl,--as-needed -liomp5 -Wl,--no-as-needed -L/opt/intel/compilers_and_libraries_2017.4.196/linux/mpi/intel64/lib/release_mt -L/opt/intel/compilers_and_libraries_2017.4.196/linux/mpi/intel64/lib -Xlinker --enable-new-dtags -Xlinker -rpath -Xlinker /opt/intel/compilers_and_libraries_2017.4.196/linux/mpi/intel64/lib/release_mt -Xlinker -rpath -Xlinker /opt/intel/compilers_and_libraries_2017.4.196/linux/mpi/intel64/lib -Xlinker -rpath -Xlinker /opt/intel/mpi-rt/2017.0.0/intel64/lib/release_mt -Xlinker -rpath -Xlinker /opt/intel/mpi-rt/2017.0.0/intel64/lib -lmpifort -lmpi -lmpigi -ldl -lrt -lpthread" -mGLOB_cxx_limited_range=FALSE -mCG_extend_parms=FALSE -mGLOB_compiler_bin_directory=/opt/intel/compilers_and_libraries_2017.4.196/linux/bin/intel64 -mGLOB_as_output_backup_file_name=/tmp/ifortWZNJ50as_.s -mGLOB_dashboard_use_source_name -mIPOPT_activate -mIPOPT_lite -mGLOB_instruction_tuning=0x0 -mGLOB_uarch_tuning=0x0 -mGLOB_product_id_code=0x22006d8f -mCG_bnl_movbe=T -mGLOB_extended_instructions=0x40000 -mGLOB_advanced_optim=TRUE -mP3OPT_use_mspp_call_convention -mP2OPT_subs_out_of_bound=FALSE -mP2OPT_disam_type_based_disam=2 -mGLOB_ansi_alias -mPGOPTI_value_profile_use=T -mGLOB_opt_report_use_source_name -mPAROPT_openmp=TRUE -mP2OPT_il0_array_sections=TRUE -mGLOB_offload_mode=1 -mP2OPT_offload_unique_var_string=ifort1856481291bkajOM -mGLOB_opt_level=2 -mP2OPT_hlo_level=2 -mP2OPT_hlo -mP2OPT_hpo_rtt_control=0 -mIPOPT_args_in_regs=0 -mP2OPT_disam_assume_nonstd_intent_in=FALSE -mGLOB_imf_mapping_library=/opt/intel/compilers_and_libraries_2017.4.196/linux/bin/intel64/libiml_attr.so -mIPOPT_single_file_compile_and_link=TRUE -mPGOPTI_gen_threadsafe_level=0 -mIPOPT_lto_object_enabled -mIPOPT_lto_object_value=1 -mIPOPT_obj_output_file_name=/tmp/ifortmvQiQ5.o -mIPOPT_whole_archive_fixup_file_name=/tmp/ifortwarch2BXDoW -mGLOB_linker_version=2.26.20160125 -mGLOB_driver_tempfile_name=/tmp/iforttempfilemydD4o -mP3OPT_asm_target=P3OPT_ASM_TARGET_GAS -mGLOB_async_unwind_tables=TRUE -mGLOB_obj_output_file=/tmp/ifortmvQiQ5.o -mGLOB_source_dialect=GLOB_SOURCE_DIALECT_FORTRAN -mP1OPT_source_file_name=conftest.f -mP1OPT_full_source_file_name=/home1/03672/tg829713/vojgroup/code/qe-6.1/elpa-2016.11.001.pre/conftest.f -mP2OPT_symtab_type_copy=true conftest.f
#include "..." search starts here:
#include <...> search starts here:
 .
 /opt/intel/compilers_and_libraries_2017.4.196/linux/mkl/include
 /opt/intel/compilers_and_libraries_2017.4.196/linux/mkl/include/intel64/lp64
 /opt/intel/compilers_and_libraries_2017.4.196/linux/mpi/intel64/include
 /opt/intel/compilers_and_libraries_2017.4.196/linux/mpi/intel64/include
 /opt/intel/compilers_and_libraries_2017.4.196/linux/daal/include
 /opt/intel/compilers_and_libraries_2017.4.196/linux/tbb/include
 /opt/intel/compilers_and_libraries_2017.4.196/linux/mkl/include
 /opt/intel/compilers_and_libraries_2017.4.196/linux/ipp/include
 /opt/intel/compilers_and_libraries_2017.4.196/linux/compiler/include/intel64
 /opt/intel/compilers_and_libraries_2017.4.196/linux/compiler/include/icc
 /opt/intel/compilers_and_libraries_2017.4.196/linux/compiler/include
 /usr/local/include
 /opt/apps/gcc/5.4.0/lib/gcc/x86_64-unknown-linux-gnu/5.4.0/include
 /opt/apps/gcc/5.4.0/lib/gcc/x86_64-unknown-linux-gnu/5.4.0/include-fixed
 /opt/apps/gcc/5.4.0/include/
 /usr/include
End of search list.
ld    /lib/../lib64/crt1.o /lib/../lib64/crti.o /opt/apps/gcc/5.4.0/lib/gcc/x86_64-unknown-linux-gnu/5.4.0/crtbegin.o --eh-frame-hdr --build-id -dynamic-linker /lib64/ld-linux-x86-64.so.2 -m elf_x86_64 -L/opt/intel/compilers_and_libraries_2017.4.196/linux/mkl/lib/intel64 -L/opt/intel/compilers_and_libraries_2017.4.196/linux/mpi/intel64/lib/release_mt -L/opt/intel/compilers_and_libraries_2017.4.196/linux/mpi/intel64/lib -o conftest /opt/intel/compilers_and_libraries_2017.4.196/linux/compiler/lib/intel64_lin/for_main.o -L/opt/intel/compilers_and_libraries_2017.4.196/linux/tbb/lib/intel64_lin/gcc4.4 -L/opt/intel/compilers_and_libraries_2017.4.196/linux/daal/lib/intel64_lin -L/opt/intel/compilers_and_libraries_2017.4.196/linux/tbb/lib/intel64/gcc4.7 -L/opt/intel/compilers_and_libraries_2017.4.196/linux/mkl/lib/intel64_lin -L/opt/intel/compilers_and_libraries_2017.4.196/linux/compiler/lib/intel64_lin -L/opt/intel/compilers_and_libraries_2017.4.196/linux/ipp/lib/intel64 -L/opt/intel/compilers_and_libraries_2017.4.196/linux/compiler/lib/intel64_lin -L/opt/apps/gcc/5.4.0/lib/gcc/x86_64-unknown-linux-gnu/5.4.0/ -L/opt/apps/gcc/5.4.0/lib/gcc/x86_64-unknown-linux-gnu/5.4.0/../../../../lib64 -L/opt/apps/gcc/5.4.0/lib/gcc/x86_64-unknown-linux-gnu/5.4.0/../../../../lib64/ -L/lib/../lib64 -L/lib/../lib64/ -L/usr/lib/../lib64 -L/usr/lib/../lib64/ -L/opt/intel/compilers_and_libraries_2017.4.196/linux/tbb/lib/intel64_lin/gcc4.4/ -L/opt/intel/compilers_and_libraries_2017.4.196/linux/daal/lib/intel64_lin/ -L/opt/intel/compilers_and_libraries_2017.4.196/linux/tbb/lib/intel64/gcc4.7/ -L/opt/intel/compilers_and_libraries_2017.4.196/linux/mkl/lib/intel64_lin/ -L/opt/intel/compilers_and_libraries_2017.4.196/linux/compiler/lib/intel64_lin/ -L/opt/intel/compilers_and_libraries_2017.4.196/linux/ipp/lib/intel64/ -L/opt/apps/gcc/5.4.0/lib/gcc/x86_64-unknown-linux-gnu/5.4.0/../../../ -L/lib64 -L/lib/ -L/usr/lib64 -L/usr/lib /tmp/ifortmvQiQ5.o -lmkl_intel_lp64 -lmkl_core -lmkl_intel_thread --as-needed -liomp5 --no-as-needed --enable-new-dtags -rpath /opt/intel/compilers_and_libraries_2017.4.196/linux/mpi/intel64/lib/release_mt -rpath /opt/intel/compilers_and_libraries_2017.4.196/linux/mpi/intel64/lib -rpath /opt/intel/mpi-rt/2017.0.0/intel64/lib/release_mt -rpath /opt/intel/mpi-rt/2017.0.0/intel64/lib -lmpifort -lmpi -lmpigi -ldl -lrt -lpthread -Bdynamic -Bstatic -lifport -lifcoremt -limf -lsvml -Bdynamic -lm -Bstatic -lipgo -Bdynamic -liomp5 -Bstatic -lirc -Bdynamic -lpthread -Bstatic -lsvml -Bdynamic -lc -lgcc -lgcc_s -Bstatic -lirc_s -Bdynamic -ldl -lc /opt/apps/gcc/5.4.0/lib/gcc/x86_64-unknown-linux-gnu/5.4.0/crtend.o /lib/../lib64/crtn.o
configure:6706: result:  -L/opt/intel/compilers_and_libraries_2017.4.196/linux/mkl/lib/intel64 -L/opt/intel/compilers_and_libraries_2017.4.196/linux/mpi/intel64/lib/release_mt -L/opt/intel/compilers_and_libraries_2017.4.196/linux/mpi/intel64/lib -L/opt/intel/compilers_and_libraries_2017.4.196/linux/tbb/lib/intel64_lin/gcc4.4 -L/opt/intel/compilers_and_libraries_2017.4.196/linux/daal/lib/intel64_lin -L/opt/intel/compilers_and_libraries_2017.4.196/linux/tbb/lib/intel64/gcc4.7 -L/opt/intel/compilers_and_libraries_2017.4.196/linux/mkl/lib/intel64_lin -L/opt/intel/compilers_and_libraries_2017.4.196/linux/compiler/lib/intel64_lin -L/opt/intel/compilers_and_libraries_2017.4.196/linux/ipp/lib/intel64 -L/opt/apps/gcc/5.4.0/lib/gcc/x86_64-unknown-linux-gnu/5.4.0/ -L/opt/apps/gcc/5.4.0/lib/gcc/x86_64-unknown-linux-gnu/5.4.0/../../../../lib64 -L/opt/apps/gcc/5.4.0/lib/gcc/x86_64-unknown-linux-gnu/5.4.0/../../../../lib64/ -L/lib/../lib64 -L/lib/../lib64/ -L/usr/lib/../lib64 -L/usr/lib/../lib64/ -L/opt/intel/compilers_and_libraries_2017.4.196/linux/tbb/lib/intel64_lin/gcc4.4/ -L/opt/intel/compilers_and_libraries_2017.4.196/linux/daal/lib/intel64_lin/ -L/opt/intel/compilers_and_libraries_2017.4.196/linux/tbb/lib/intel64/gcc4.7/ -L/opt/intel/compilers_and_libraries_2017.4.196/linux/mkl/lib/intel64_lin/ -L/opt/intel/compilers_and_libraries_2017.4.196/linux/compiler/lib/intel64_lin/ -L/opt/intel/compilers_and_libraries_2017.4.196/linux/ipp/lib/intel64/ -L/opt/apps/gcc/5.4.0/lib/gcc/x86_64-unknown-linux-gnu/5.4.0/../../../ -L/lib64 -L/lib/ -L/usr/lib64 -L/usr/lib -lmkl_intel_lp64 -lmkl_core -lmkl_intel_thread -liomp5 -lmpifort -lmpi -lmpigi -ldl -lrt -lpthread -lifport -lifcoremt -limf -lsvml -lm -lipgo -lirc -lirc_s
configure:6726: checking whether Fortran module iso_fortran_env is available
configure:6738: mpiifort -c -fopenmp -O2 -xMIC-AVX512 -I/opt/intel/compilers_and_libraries_2017.4.196/linux/mkl/include -I/opt/intel/compilers_and_libraries_2017.4.196/linux/mkl/include/intel64/lp64 -threads -FR   conftest.f >&5
configure:6738: $? = 0
configure:6745: result: yes
configure:6748: checking whether we can compile a Fortran program using MKL
configure:6762: mpiifort -c -fopenmp -O2 -xMIC-AVX512 -I/opt/intel/compilers_and_libraries_2017.4.196/linux/mkl/include -I/opt/intel/compilers_and_libraries_2017.4.196/linux/mkl/include/intel64/lp64 -threads -FR   conftest.f >&5
configure:6762: $? = 0
configure:6769: result: yes
configure:6773: checking whether we can link a Fortran program with MKL
configure:6785: mpiifort -o conftest -fopenmp -O2 -xMIC-AVX512 -I/opt/intel/compilers_and_libraries_2017.4.196/linux/mkl/include -I/opt/intel/compilers_and_libraries_2017.4.196/linux/mkl/include/intel64/lp64 -threads -FR  -L/opt/intel/compilers_and_libraries_2017.4.196/linux/mkl/lib/intel64 -lmkl_scalapack_lp64 -lmkl_blacs_intelmpi_lp64  conftest.f -lmkl_intel_lp64 -lmkl_core -lmkl_intel_thread -Wl,--as-needed -liomp5 -Wl,--no-as-needed >&5
configure:6785: $? = 0
configure:6793: result: yes
configure:7166: checking whether we can use the intrinsic Fortran function "get_environment_variable"
configure:7178: mpiifort -c -fopenmp -O2 -xMIC-AVX512 -I/opt/intel/compilers_and_libraries_2017.4.196/linux/mkl/include -I/opt/intel/compilers_and_libraries_2017.4.196/linux/mkl/include/intel64/lp64 -threads -FR  conftest.f >&5
configure:7178: $? = 0
configure:7185: result: yes
configure:7197: checking whether GPU support is requested
configure:7206: result: no
configure:7417: checking whether we can compile with BGP intrinsics
configure:7429: mpiifort -o conftest -fopenmp -O2 -xMIC-AVX512 -I/opt/intel/compilers_and_libraries_2017.4.196/linux/mkl/include -I/opt/intel/compilers_and_libraries_2017.4.196/linux/mkl/include/intel64/lp64 -threads -FR -L/opt/intel/compilers_and_libraries_2017.4.196/linux/mkl/lib/intel64  conftest.f -lmkl_intel_lp64 -lmkl_core -lmkl_intel_thread -Wl,--as-needed -liomp5 -Wl,--no-as-needed >&5
/tmp/ifortdWww1b.o: In function `MAIN__':
conftest.f:(.text+0x5d): undefined reference to `fxcpmadd_'
configure:7429: $? = 1
configure: failed program was:
| 
|   program test_bgp
|     complex*16 :: y3,q3,h2
|     y3 = fxcpmadd(y3,q3,h2)
| 
|   end program
| 
configure:7437: result: no
configure:7448: checking whether we can compile with BGQ intrinsics
configure:7461: mpiifort -o conftest -fopenmp -O2 -xMIC-AVX512 -I/opt/intel/compilers_and_libraries_2017.4.196/linux/mkl/include -I/opt/intel/compilers_and_libraries_2017.4.196/linux/mkl/include/intel64/lp64 -threads -FR -L/opt/intel/compilers_and_libraries_2017.4.196/linux/mkl/lib/intel64  conftest.f -lmkl_intel_lp64 -lmkl_core -lmkl_intel_thread -Wl,--as-needed -liomp5 -Wl,--no-as-needed >&5
conftest.f(3): error #5082: Syntax error, found '::' when expecting one of: => = . [ % (
    VECTOR(REAL(8))::QPX_h2
-------------------^
conftest.f(4): error #6236: A specification statement cannot appear in the executable section.
    real*8         :: hh(10,2)
----^
conftest.f(3): error #8524: The syntax of this data pointer assignment is incorrect: either 'bound spec' or 'bound remapping' is expected in this context.   [REAL]
    VECTOR(REAL(8))::QPX_h2
-----------^
conftest.f(3): error #6410: This name has not been declared as an array or a function.   [VECTOR]
    VECTOR(REAL(8))::QPX_h2
----^
compilation aborted for conftest.f (code 1)
configure:7461: $? = 1
configure: failed program was:
| 
|   program test_bgq
|     VECTOR(REAL(8))::QPX_h2
|     real*8         :: hh(10,2)
|     QPX_h2 = VEC_SPLATS(hh(2,2))
| 
|   end program
| 
configure:7469: result: no
configure:7489: checking whether Fortran mpi module can be used
configure:7500: mpiifort -c -fopenmp -O2 -xMIC-AVX512 -I/opt/intel/compilers_and_libraries_2017.4.196/linux/mkl/include -I/opt/intel/compilers_and_libraries_2017.4.196/linux/mkl/include/intel64/lp64 -threads -FR  conftest.f >&5
configure:7500: $? = 0
configure:7507: result: yes
configure:11122: checking how to print strings
configure:11149: result: printf
configure:11170: checking for a sed that does not truncate output
configure:11234: result: /bin/sed
configure:11252: checking for grep that handles long lines and -e
configure:11310: result: /bin/grep
configure:11315: checking for egrep
configure:11377: result: /bin/grep -E
configure:11382: checking for fgrep
configure:11444: result: /bin/grep -F
configure:11479: checking for ld used by mpiicc
configure:11546: result: /opt/apps/xalt/1.7/bin/ld
configure:11553: checking if the linker (/opt/apps/xalt/1.7/bin/ld) is GNU ld
configure:11568: result: yes
configure:11580: checking for BSD- or MS-compatible name lister (nm)
configure:11634: result: /opt/apps/gcc/5.4.0/bin/nm -B
configure:11764: checking the name lister (/opt/apps/gcc/5.4.0/bin/nm -B) interface
configure:11771: mpiifort -c -fopenmp -O2 -xMIC-AVX512 -I/opt/intel/compilers_and_libraries_2017.4.196/linux/mkl/include -I/opt/intel/compilers_and_libraries_2017.4.196/linux/mkl/include/intel64/lp64 -threads -FR  conftest.f >&5
conftest.f(1): error #5082: Syntax error, found IDENTIFIER 'SOME_VARIABLE' when expecting one of: => = . [ % ( :
int some_variable = 0;
----^
conftest.f(1): error #5082: Syntax error, found END-OF-FILE when expecting one of: <LABEL> <END-OF-STATEMENT> ; TYPE INTEGER REAL COMPLEX BYTE CHARACTER CLASS DOUBLE ...
int some_variable = 0;
----------------------^
conftest.f(1): error #6535: This variable or component must be of a derived or structure type.   [INT]
int some_variable = 0;
^
conftest.f(1): error #6460: This is not a field name that is defined in the encompassing structure.   [SOME_VARIABLE]
int some_variable = 0;
----^
compilation aborted for conftest.f (code 1)
configure:11774: /opt/apps/gcc/5.4.0/bin/nm -B "conftest.o"
/opt/apps/gcc/5.4.0/bin/nm: 'conftest.o': No such file
configure:11777: output
configure:11784: result: BSD nm
configure:11787: checking whether ln -s works
configure:11791: result: yes
configure:11799: checking the maximum length of command line arguments
configure:11930: result: 3458764513820540925
configure:11978: checking how to convert x86_64-unknown-linux-gnu file names to x86_64-unknown-linux-gnu format
configure:12018: result: func_convert_file_noop
configure:12025: checking how to convert x86_64-unknown-linux-gnu file names to toolchain format
configure:12045: result: func_convert_file_noop
configure:12052: checking for /opt/apps/xalt/1.7/bin/ld option to reload object files
configure:12059: result: -r
configure:12093: checking for x86_64-unknown-linux-gnu-objdump
configure:12123: result: no
configure:12133: checking for objdump
configure:12149: found /opt/apps/gcc/5.4.0/bin/objdump
configure:12160: result: objdump
configure:12172: WARNING: using cross tools not prefixed with host triplet
configure:12192: checking how to recognize dependent libraries
configure:12392: result: pass_all
configure:12437: checking for x86_64-unknown-linux-gnu-dlltool
configure:12467: result: no
configure:12477: checking for dlltool
configure:12507: result: no
configure:12537: checking how to associate runtime and link libraries
configure:12564: result: printf %s\n
configure:12580: checking for x86_64-unknown-linux-gnu-ar
configure:12607: result: xiar
configure:12688: checking for archiver @FILE support
configure:12699: mpiifort -c -fopenmp -O2 -xMIC-AVX512 -I/opt/intel/compilers_and_libraries_2017.4.196/linux/mkl/include -I/opt/intel/compilers_and_libraries_2017.4.196/linux/mkl/include/intel64/lp64 -threads -FR  conftest.f >&5
configure:12699: $? = 0
configure:12702: xiar cru libconftest.a @conftest.lst >&5
xiar: executing 'ar'
configure:12705: $? = 0
configure:12710: xiar cru libconftest.a @conftest.lst >&5
xiar: executing 'ar'
ar: conftest.o: No such file or directory
configure:12713: $? = 1
configure:12725: result: @
configure:12743: checking for x86_64-unknown-linux-gnu-strip
configure:12770: result: strip
configure:12842: checking for x86_64-unknown-linux-gnu-ranlib
configure:12872: result: no
configure:12882: checking for ranlib
configure:12898: found /opt/apps/gcc/5.4.0/bin/ranlib
configure:12909: result: ranlib
configure:13011: checking command to parse /opt/apps/gcc/5.4.0/bin/nm -B output from mpiicc object
configure:13164: mpiifort -c -fopenmp -O2 -xMIC-AVX512 -I/opt/intel/compilers_and_libraries_2017.4.196/linux/mkl/include -I/opt/intel/compilers_and_libraries_2017.4.196/linux/mkl/include/intel64/lp64 -threads -FR  conftest.f >&5
conftest.f(1): warning #5117: Bad # preprocessor line
#ifdef __cplusplus
-^
conftest.f(2): error #5144: Invalid character_kind_parameter. No underscore
extern "C" {
----------^
conftest.f(3): warning #5117: Bad # preprocessor line
#endif
-^
conftest.f(2): error #5078: Unrecognized token '{' skipped
extern "C" {
-----------^
conftest.f(2): error #5082: Syntax error, found CHARACTER_CONSTANT 'C' when expecting one of: => = . [ % ( :
extern "C" {
-------^
conftest.f(4): error #5082: Syntax error, found IDENTIFIER 'NM_TEST_VAR' when expecting one of: => = . [ % ( :
char nm_test_var;
-----^
conftest.f(5): error #5082: Syntax error, found IDENTIFIER 'NM_TEST_FUNC' when expecting one of: => = . [ % ( :
void nm_test_func(void);
-----^
conftest.f(6): error #5078: Unrecognized token '{' skipped
void nm_test_func(void){}
-----------------------^
conftest.f(7): warning #5117: Bad # preprocessor line
#ifdef __cplusplus
-^
conftest.f(6): error #5078: Unrecognized token '}' skipped
void nm_test_func(void){}
------------------------^
conftest.f(6): error #5082: Syntax error, found IDENTIFIER 'NM_TEST_FUNC' when expecting one of: => = . [ % ( :
void nm_test_func(void){}
-----^
conftest.f(9): warning #5117: Bad # preprocessor line
#endif
-^
conftest.f(8): error #5078: Unrecognized token '}' skipped
}
^
conftest.f(10): error #5078: Unrecognized token '{' skipped
int main(){nm_test_var='a';nm_test_func();return(0);}
----------^
conftest.f(10): error #5082: Syntax error, found IDENTIFIER 'MAIN' when expecting one of: => = . [ % ( :
int main(){nm_test_var='a';nm_test_func();return(0);}
----^
conftest.f(10): error #5082: Syntax error, found '=' when expecting one of: (
int main(){nm_test_var='a';nm_test_func();return(0);}
----------------------^
conftest.f(10): error #5082: Syntax error, found ';' when expecting one of: =
int main(){nm_test_var='a';nm_test_func();return(0);}
-----------------------------------------^
conftest.f(10): error #5078: Unrecognized token '}' skipped
int main(){nm_test_var='a';nm_test_func();return(0);}
----------------------------------------------------^
conftest.f(10): error #5082: Syntax error, found END-OF-FILE when expecting one of: <LABEL> <END-OF-STATEMENT> ; TYPE INTEGER REAL COMPLEX BYTE CHARACTER CLASS DOUBLE ...
int main(){nm_test_var='a';nm_test_func();return(0);}
-----------------------------------------------------^
conftest.f(10): error #6236: A specification statement cannot appear in the executable section.
int main(){nm_test_var='a';nm_test_func();return(0);}
----^
conftest.f(10): error #6236: A specification statement cannot appear in the executable section.
int main(){nm_test_var='a';nm_test_func();return(0);}
-----------------------------------------^
conftest.f(10): error #6353: A RETURN statement is invalid in the main program.
int main(){nm_test_var='a';nm_test_func();return(0);}
------------------------------------------^
compilation aborted for conftest.f (code 1)
configure:13167: $? = 1
: failed program was:
#ifdef __cplusplus
extern "C" {
#endif
char nm_test_var;
void nm_test_func(void);
void nm_test_func(void){}
#ifdef __cplusplus
}
#endif
int main(){nm_test_var='a';nm_test_func();return(0);}
configure:13164: mpiifort -c -fopenmp -O2 -xMIC-AVX512 -I/opt/intel/compilers_and_libraries_2017.4.196/linux/mkl/include -I/opt/intel/compilers_and_libraries_2017.4.196/linux/mkl/include/intel64/lp64 -threads -FR  conftest.f >&5
conftest.f(1): warning #5117: Bad # preprocessor line
#ifdef __cplusplus
-^
conftest.f(2): error #5144: Invalid character_kind_parameter. No underscore
extern "C" {
----------^
conftest.f(3): warning #5117: Bad # preprocessor line
#endif
-^
conftest.f(2): error #5078: Unrecognized token '{' skipped
extern "C" {
-----------^
conftest.f(2): error #5082: Syntax error, found CHARACTER_CONSTANT 'C' when expecting one of: => = . [ % ( :
extern "C" {
-------^
conftest.f(4): error #5082: Syntax error, found IDENTIFIER 'NM_TEST_VAR' when expecting one of: => = . [ % ( :
char nm_test_var;
-----^
conftest.f(5): error #5082: Syntax error, found IDENTIFIER 'NM_TEST_FUNC' when expecting one of: => = . [ % ( :
void nm_test_func(void);
-----^
conftest.f(6): error #5078: Unrecognized token '{' skipped
void nm_test_func(void){}
-----------------------^
conftest.f(7): warning #5117: Bad # preprocessor line
#ifdef __cplusplus
-^
conftest.f(6): error #5078: Unrecognized token '}' skipped
void nm_test_func(void){}
------------------------^
conftest.f(6): error #5082: Syntax error, found IDENTIFIER 'NM_TEST_FUNC' when expecting one of: => = . [ % ( :
void nm_test_func(void){}
-----^
conftest.f(9): warning #5117: Bad # preprocessor line
#endif
-^
conftest.f(8): error #5078: Unrecognized token '}' skipped
}
^
conftest.f(10): error #5078: Unrecognized token '{' skipped
int main(){nm_test_var='a';nm_test_func();return(0);}
----------^
conftest.f(10): error #5082: Syntax error, found IDENTIFIER 'MAIN' when expecting one of: => = . [ % ( :
int main(){nm_test_var='a';nm_test_func();return(0);}
----^
conftest.f(10): error #5082: Syntax error, found '=' when expecting one of: (
int main(){nm_test_var='a';nm_test_func();return(0);}
----------------------^
conftest.f(10): error #5082: Syntax error, found ';' when expecting one of: =
int main(){nm_test_var='a';nm_test_func();return(0);}
-----------------------------------------^
conftest.f(10): error #5078: Unrecognized token '}' skipped
int main(){nm_test_var='a';nm_test_func();return(0);}
----------------------------------------------------^
conftest.f(10): error #5082: Syntax error, found END-OF-FILE when expecting one of: <LABEL> <END-OF-STATEMENT> ; TYPE INTEGER REAL COMPLEX BYTE CHARACTER CLASS DOUBLE ...
int main(){nm_test_var='a';nm_test_func();return(0);}
-----------------------------------------------------^
conftest.f(10): error #6236: A specification statement cannot appear in the executable section.
int main(){nm_test_var='a';nm_test_func();return(0);}
----^
conftest.f(10): error #6236: A specification statement cannot appear in the executable section.
int main(){nm_test_var='a';nm_test_func();return(0);}
-----------------------------------------^
conftest.f(10): error #6353: A RETURN statement is invalid in the main program.
int main(){nm_test_var='a';nm_test_func();return(0);}
------------------------------------------^
compilation aborted for conftest.f (code 1)
configure:13167: $? = 1
: failed program was:
#ifdef __cplusplus
extern "C" {
#endif
char nm_test_var;
void nm_test_func(void);
void nm_test_func(void){}
#ifdef __cplusplus
}
#endif
int main(){nm_test_var='a';nm_test_func();return(0);}
configure:13278: result: failed
configure:13328: checking for sysroot
configure:13358: result: no
configure:13365: checking for a working dd
configure:13403: result: /bin/dd
configure:13407: checking how to truncate binary pipes
configure:13422: result: /bin/dd bs=4096 count=1
configure:13558: mpiifort -c -fopenmp -O2 -xMIC-AVX512 -I/opt/intel/compilers_and_libraries_2017.4.196/linux/mkl/include -I/opt/intel/compilers_and_libraries_2017.4.196/linux/mkl/include/intel64/lp64 -threads -FR  conftest.f >&5
conftest.f(1): error #5082: Syntax error, found IDENTIFIER 'I' when expecting one of: => = . [ % ( :
int i;
----^
conftest.f(1): error #5082: Syntax error, found END-OF-FILE when expecting one of: <LABEL> <END-OF-STATEMENT> ; TYPE INTEGER REAL COMPLEX BYTE CHARACTER CLASS DOUBLE ...
int i;
------^
compilation aborted for conftest.f (code 1)
configure:13561: $? = 1
configure:13711: checking for x86_64-unknown-linux-gnu-mt
configure:13741: result: no
configure:13751: checking for mt
configure:13781: result: no
configure:13801: checking if : is a manifest tool
configure:13807: : '-?'
configure:13815: result: no
configure:14492: checking how to run the C preprocessor
configure:14523: mpiicc -E  conftest.c
configure:14523: $? = 0
configure:14537: mpiicc -E  conftest.c
conftest.c(43): error #2379: cannot open source file "ac_nonexistent.h"
  #include <ac_nonexistent.h>
                             ^

configure:14537: $? = 2
configure: failed program was:
| /* confdefs.h */
| #define PACKAGE_NAME "elpa"
| #define PACKAGE_TARNAME "elpa"
| #define PACKAGE_VERSION "2016.11.001.pre"
| #define PACKAGE_STRING "elpa 2016.11.001.pre"
| #define PACKAGE_BUGREPORT "elpa-library@mpcdf.mpg.de"
| #define PACKAGE_URL ""
| #define PACKAGE "elpa"
| #define VERSION "2016.11.001.pre"
| #define WITH_OPENMP 1
| #define WITH_MPI 1
| #define HAVE_SSE_ASSEMBLY 1
| #define HAVE_SSE_INTRINSICS 1
| #define HAVE_AVX 1
| #define HAVE_AVX2 1
| #define HAVE_ENVIRONMENT_CHECKING 1
| #define HAVE_MPI_MODULE 1
| #define HAVE_ISO_FORTRAN_ENV 1
| #define WITH_REAL_GENERIC_KERNEL 1
| #define WITH_COMPLEX_GENERIC_KERNEL 1
| #define WITH_REAL_GENERIC_SIMPLE_KERNEL 1
| #define WITH_COMPLEX_GENERIC_SIMPLE_KERNEL 1
| #define WITH_REAL_SSE_ASSEMBLY_KERNEL 1
| #define WITH_COMPLEX_SSE_ASSEMBLY_KERNEL 1
| #define WITH_REAL_SSE_BLOCK2_KERNEL 1
| #define WITH_REAL_SSE_BLOCK4_KERNEL 1
| #define WITH_REAL_SSE_BLOCK6_KERNEL 1
| #define WITH_REAL_AVX_BLOCK2_KERNEL 1
| #define WITH_REAL_AVX_BLOCK4_KERNEL 1
| #define WITH_REAL_AVX_BLOCK6_KERNEL 1
| #define WITH_REAL_AVX2_BLOCK2_KERNEL 1
| #define WITH_REAL_AVX2_BLOCK4_KERNEL 1
| #define WITH_REAL_AVX2_BLOCK6_KERNEL 1
| #define WITH_COMPLEX_SSE_BLOCK1_KERNEL 1
| #define WITH_COMPLEX_SSE_BLOCK2_KERNEL 1
| #define WITH_COMPLEX_AVX_BLOCK1_KERNEL 1
| #define WITH_COMPLEX_AVX_BLOCK2_KERNEL 1
| #define WITH_COMPLEX_AVX2_BLOCK1_KERNEL 1
| #define WITH_COMPLEX_AVX2_BLOCK2_KERNEL 1
| #define WITH_NO_SPECIFIC_COMPLEX_KERNEL 1
| #define WITH_NO_SPECIFIC_REAL_KERNEL 1
| /* end confdefs.h.  */
| #include <ac_nonexistent.h>
configure:14562: result: mpiicc -E
configure:14582: mpiicc -E  conftest.c
configure:14582: $? = 0
configure:14596: mpiicc -E  conftest.c
conftest.c(43): error #2379: cannot open source file "ac_nonexistent.h"
  #include <ac_nonexistent.h>
                             ^

configure:14596: $? = 2
configure: failed program was:
| /* confdefs.h */
| #define PACKAGE_NAME "elpa"
| #define PACKAGE_TARNAME "elpa"
| #define PACKAGE_VERSION "2016.11.001.pre"
| #define PACKAGE_STRING "elpa 2016.11.001.pre"
| #define PACKAGE_BUGREPORT "elpa-library@mpcdf.mpg.de"
| #define PACKAGE_URL ""
| #define PACKAGE "elpa"
| #define VERSION "2016.11.001.pre"
| #define WITH_OPENMP 1
| #define WITH_MPI 1
| #define HAVE_SSE_ASSEMBLY 1
| #define HAVE_SSE_INTRINSICS 1
| #define HAVE_AVX 1
| #define HAVE_AVX2 1
| #define HAVE_ENVIRONMENT_CHECKING 1
| #define HAVE_MPI_MODULE 1
| #define HAVE_ISO_FORTRAN_ENV 1
| #define WITH_REAL_GENERIC_KERNEL 1
| #define WITH_COMPLEX_GENERIC_KERNEL 1
| #define WITH_REAL_GENERIC_SIMPLE_KERNEL 1
| #define WITH_COMPLEX_GENERIC_SIMPLE_KERNEL 1
| #define WITH_REAL_SSE_ASSEMBLY_KERNEL 1
| #define WITH_COMPLEX_SSE_ASSEMBLY_KERNEL 1
| #define WITH_REAL_SSE_BLOCK2_KERNEL 1
| #define WITH_REAL_SSE_BLOCK4_KERNEL 1
| #define WITH_REAL_SSE_BLOCK6_KERNEL 1
| #define WITH_REAL_AVX_BLOCK2_KERNEL 1
| #define WITH_REAL_AVX_BLOCK4_KERNEL 1
| #define WITH_REAL_AVX_BLOCK6_KERNEL 1
| #define WITH_REAL_AVX2_BLOCK2_KERNEL 1
| #define WITH_REAL_AVX2_BLOCK4_KERNEL 1
| #define WITH_REAL_AVX2_BLOCK6_KERNEL 1
| #define WITH_COMPLEX_SSE_BLOCK1_KERNEL 1
| #define WITH_COMPLEX_SSE_BLOCK2_KERNEL 1
| #define WITH_COMPLEX_AVX_BLOCK1_KERNEL 1
| #define WITH_COMPLEX_AVX_BLOCK2_KERNEL 1
| #define WITH_COMPLEX_AVX2_BLOCK1_KERNEL 1
| #define WITH_COMPLEX_AVX2_BLOCK2_KERNEL 1
| #define WITH_NO_SPECIFIC_COMPLEX_KERNEL 1
| #define WITH_NO_SPECIFIC_REAL_KERNEL 1
| /* end confdefs.h.  */
| #include <ac_nonexistent.h>
configure:14625: checking for ANSI C header files
configure:14645: mpiicc -c -fopenmp -O2 -xMIC-AVX512 -I/opt/intel/compilers_and_libraries_2017.4.196/linux/mkl/include -fp-model precise  conftest.c >&5
configure:14645: $? = 0
configure:14729: result: yes
configure:14742: checking for sys/types.h
configure:14742: mpiicc -c -fopenmp -O2 -xMIC-AVX512 -I/opt/intel/compilers_and_libraries_2017.4.196/linux/mkl/include -fp-model precise  conftest.c >&5
configure:14742: $? = 0
configure:14742: result: yes
configure:14742: checking for sys/stat.h
configure:14742: mpiicc -c -fopenmp -O2 -xMIC-AVX512 -I/opt/intel/compilers_and_libraries_2017.4.196/linux/mkl/include -fp-model precise  conftest.c >&5
configure:14742: $? = 0
configure:14742: result: yes
configure:14742: checking for stdlib.h
configure:14742: mpiicc -c -fopenmp -O2 -xMIC-AVX512 -I/opt/intel/compilers_and_libraries_2017.4.196/linux/mkl/include -fp-model precise  conftest.c >&5
configure:14742: $? = 0
configure:14742: result: yes
configure:14742: checking for string.h
configure:14742: mpiicc -c -fopenmp -O2 -xMIC-AVX512 -I/opt/intel/compilers_and_libraries_2017.4.196/linux/mkl/include -fp-model precise  conftest.c >&5
configure:14742: $? = 0
configure:14742: result: yes
configure:14742: checking for memory.h
configure:14742: mpiicc -c -fopenmp -O2 -xMIC-AVX512 -I/opt/intel/compilers_and_libraries_2017.4.196/linux/mkl/include -fp-model precise  conftest.c >&5
configure:14742: $? = 0
configure:14742: result: yes
configure:14742: checking for strings.h
configure:14742: mpiicc -c -fopenmp -O2 -xMIC-AVX512 -I/opt/intel/compilers_and_libraries_2017.4.196/linux/mkl/include -fp-model precise  conftest.c >&5
configure:14742: $? = 0
configure:14742: result: yes
configure:14742: checking for inttypes.h
configure:14742: mpiicc -c -fopenmp -O2 -xMIC-AVX512 -I/opt/intel/compilers_and_libraries_2017.4.196/linux/mkl/include -fp-model precise  conftest.c >&5
configure:14742: $? = 0
configure:14742: result: yes
configure:14742: checking for stdint.h
configure:14742: mpiicc -c -fopenmp -O2 -xMIC-AVX512 -I/opt/intel/compilers_and_libraries_2017.4.196/linux/mkl/include -fp-model precise  conftest.c >&5
configure:14742: $? = 0
configure:14742: result: yes
configure:14742: checking for unistd.h
configure:14742: mpiicc -c -fopenmp -O2 -xMIC-AVX512 -I/opt/intel/compilers_and_libraries_2017.4.196/linux/mkl/include -fp-model precise  conftest.c >&5
configure:14742: $? = 0
configure:14742: result: yes
configure:14756: checking for dlfcn.h
configure:14756: mpiicc -c -fopenmp -O2 -xMIC-AVX512 -I/opt/intel/compilers_and_libraries_2017.4.196/linux/mkl/include -fp-model precise  conftest.c >&5
configure:14756: $? = 0
configure:14756: result: yes
configure:15022: checking for objdir
configure:15037: result: .libs
configure:15301: checking if mpiicc supports -fno-rtti -fno-exceptions
configure:15319: mpiicc -c -fopenmp -O2 -xMIC-AVX512 -I/opt/intel/compilers_and_libraries_2017.4.196/linux/mkl/include -fp-model precise  -fno-rtti -fno-exceptions conftest.c >&5
configure:15323: $? = 0
configure:15336: result: yes
configure:15694: checking for mpiicc option to produce PIC
configure:15701: result: -fPIC -DPIC
configure:15709: checking if mpiicc PIC flag -fPIC -DPIC works
configure:15727: mpiicc -c -fopenmp -O2 -xMIC-AVX512 -I/opt/intel/compilers_and_libraries_2017.4.196/linux/mkl/include -fp-model precise  -fPIC -DPIC -DPIC conftest.c >&5
configure:15731: $? = 0
configure:15744: result: yes
configure:15773: checking if mpiicc static flag -static works
configure:15801: result: no
configure:15816: checking if mpiicc supports -c -o file.o
configure:15837: mpiicc -c -fopenmp -O2 -xMIC-AVX512 -I/opt/intel/compilers_and_libraries_2017.4.196/linux/mkl/include -fp-model precise  -o out/conftest2.o conftest.c >&5
configure:15841: $? = 0
configure:15863: result: yes
configure:15871: checking if mpiicc supports -c -o file.o
configure:15918: result: yes
configure:15951: checking whether the mpiicc linker (/opt/apps/xalt/1.7/bin/ld) supports shared libraries
configure:17210: result: yes
configure:17247: checking whether -lc should be explicitly linked in
configure:17255: mpiicc -c -fopenmp -O2 -xMIC-AVX512 -I/opt/intel/compilers_and_libraries_2017.4.196/linux/mkl/include -fp-model precise  conftest.c >&5
configure:17258: $? = 0
configure:17273: mpiicc -shared  -fPIC -DPIC conftest.o  -v -Wl,-soname -Wl,conftest -o conftest 2\>\&1 \| /bin/grep  -lc  \>/dev/null 2\>\&1
configure:17276: $? = 0
configure:17290: result: no
configure:17450: checking dynamic linker characteristics
configure:18031: mpiicc -o conftest -fopenmp -O2 -xMIC-AVX512 -I/opt/intel/compilers_and_libraries_2017.4.196/linux/mkl/include -fp-model precise  -L/opt/intel/compilers_and_libraries_2017.4.196/linux/mkl/lib/intel64 -Wl,-rpath -Wl,/foo conftest.c -lmkl_intel_lp64 -lmkl_core -lmkl_intel_thread -Wl,--as-needed -liomp5 -Wl,--no-as-needed >&5
configure:18031: $? = 0
configure:18268: result: GNU/Linux ld.so
configure:18390: checking how to hardcode library paths into programs
configure:18415: result: immediate
configure:18963: checking whether stripping libraries is possible
configure:18968: result: yes
configure:19003: checking if libtool supports shared libraries
configure:19005: result: yes
configure:19008: checking whether to build shared libraries
configure:19033: result: yes
configure:19036: checking whether to build static libraries
configure:19040: result: yes
configure:19161: checking if libtool supports shared libraries
configure:19163: result: yes
configure:19166: checking whether to build shared libraries
configure:19190: result: yes
configure:19193: checking whether to build static libraries
configure:19197: result: yes
configure:19231: mpiifort -c -fopenmp -O2 -xMIC-AVX512 -I/opt/intel/compilers_and_libraries_2017.4.196/linux/mkl/include -I/opt/intel/compilers_and_libraries_2017.4.196/linux/mkl/include/intel64/lp64 -threads -FR  conftest.f >&5
configure:19234: $? = 0
configure:19712: checking for mpiifort option to produce PIC
configure:19719: result: -fPIC
configure:19727: checking if mpiifort PIC flag -fPIC works
configure:19745: mpiifort -c -fopenmp -O2 -xMIC-AVX512 -I/opt/intel/compilers_and_libraries_2017.4.196/linux/mkl/include -I/opt/intel/compilers_and_libraries_2017.4.196/linux/mkl/include/intel64/lp64 -threads -FR -fPIC  conftest.f >&5
configure:19749: $? = 0
configure:19762: result: yes
configure:19785: checking if mpiifort static flag -static works
configure:19813: result: no
configure:19825: checking if mpiifort supports -c -o file.o
configure:19846: mpiifort -c -fopenmp -O2 -xMIC-AVX512 -I/opt/intel/compilers_and_libraries_2017.4.196/linux/mkl/include -I/opt/intel/compilers_and_libraries_2017.4.196/linux/mkl/include/intel64/lp64 -threads -FR -o out/conftest2.o  conftest.f >&5
configure:19850: $? = 0
configure:19872: result: yes
configure:19877: checking if mpiifort supports -c -o file.o
configure:19924: result: yes
configure:19954: checking whether the mpiifort linker (/opt/apps/xalt/1.7/bin/ld) supports shared libraries
configure:21163: result: yes
configure:21304: checking dynamic linker characteristics
configure:22043: result: GNU/Linux ld.so
configure:22108: checking how to hardcode library paths into programs
configure:22133: result: immediate
configure:22243: checking for x86_64-unknown-linux-gnu-doxygen
configure:22276: result: no
configure:22286: checking for doxygen
configure:22304: found /bin/doxygen
configure:22316: result: /bin/doxygen
configure:22349: checking for x86_64-unknown-linux-gnu-perl
configure:22382: result: no
configure:22392: checking for perl
configure:22410: found /bin/perl
configure:22422: result: /bin/perl
configure:24018: checking whether assumed size Fortran arrays should be used
configure:24031: result: yes
configure:24236: checking that generated files are newer than configure
configure:24242: result: done
configure:24463: creating ./config.status

## ---------------------- ##
## Running config.status. ##
## ---------------------- ##

This file was extended by elpa config.status 2016.11.001.pre, which was
generated by GNU Autoconf 2.69.  Invocation command line was

  CONFIG_FILES    = 
  CONFIG_HEADERS  = 
  CONFIG_LINKS    = 
  CONFIG_COMMANDS = 
  $ ./config.status 

on login4.stampede2.tacc.utexas.edu

config.status:1342: creating Makefile
config.status:1342: creating Doxyfile
config.status:1342: creating elpa_openmp-2016.11.001.pre.pc
config.status:1342: creating config.h
config.status:1571: executing depfiles commands
config.status:1571: executing libtool commands

## ---------------- ##
## Cache variables. ##
## ---------------- ##

_cv_gnu_make_command=make
ac_cv_build=x86_64-unknown-linux-gnu
ac_cv_c_compiler_gnu=yes
ac_cv_env_CCASFLAGS_set=
ac_cv_env_CCASFLAGS_value=
ac_cv_env_CCAS_set=
ac_cv_env_CCAS_value=
ac_cv_env_CC_set=set
ac_cv_env_CC_value=mpiicc
ac_cv_env_CFLAGS_set=set
ac_cv_env_CFLAGS_value='-O2 -xMIC-AVX512 -I/opt/intel/compilers_and_libraries_2017.4.196/linux/mkl/include -fp-model precise'
ac_cv_env_CPPFLAGS_set=
ac_cv_env_CPPFLAGS_value=
ac_cv_env_CPP_set=
ac_cv_env_CPP_value=
ac_cv_env_DOXYGEN_PAPER_SIZE_set=
ac_cv_env_DOXYGEN_PAPER_SIZE_value=
ac_cv_env_FCFLAGS_set=set
ac_cv_env_FCFLAGS_value='-O2 -xMIC-AVX512 -I/opt/intel/compilers_and_libraries_2017.4.196/linux/mkl/include -I/opt/intel/compilers_and_libraries_2017.4.196/linux/mkl/include/intel64/lp64 -threads'
ac_cv_env_FC_set=set
ac_cv_env_FC_value=mpiifort
ac_cv_env_LDFLAGS_set=set
ac_cv_env_LDFLAGS_value=-L/opt/intel/compilers_and_libraries_2017.4.196/linux/mkl/lib/intel64
ac_cv_env_LIBS_set=set
ac_cv_env_LIBS_value='-lmkl_intel_lp64 -lmkl_core -lmkl_intel_thread -Wl,--as-needed -liomp5 -Wl,--no-as-needed'
ac_cv_env_LT_SYS_LIBRARY_PATH_set=
ac_cv_env_LT_SYS_LIBRARY_PATH_value=
ac_cv_env_SCALAPACK_FCFLAGS_set=
ac_cv_env_SCALAPACK_FCFLAGS_value=
ac_cv_env_SCALAPACK_LDFLAGS_set=set
ac_cv_env_SCALAPACK_LDFLAGS_value='-lmkl_scalapack_lp64 -lmkl_blacs_intelmpi_lp64'
ac_cv_env_build_alias_set=
ac_cv_env_build_alias_value=
ac_cv_env_host_alias_set=set
ac_cv_env_host_alias_value=x86_64-unknown-linux-gnu
ac_cv_env_target_alias_set=
ac_cv_env_target_alias_value=
ac_cv_fc_compiler_gnu=no
ac_cv_fc_freeform=-FR
ac_cv_fc_libs=' -L/opt/intel/compilers_and_libraries_2017.4.196/linux/mkl/lib/intel64 -L/opt/intel/compilers_and_libraries_2017.4.196/linux/mpi/intel64/lib/release_mt -L/opt/intel/compilers_and_libraries_2017.4.196/linux/mpi/intel64/lib -L/opt/intel/compilers_and_libraries_2017.4.196/linux/tbb/lib/intel64_lin/gcc4.4 -L/opt/intel/compilers_and_libraries_2017.4.196/linux/daal/lib/intel64_lin -L/opt/intel/compilers_and_libraries_2017.4.196/linux/tbb/lib/intel64/gcc4.7 -L/opt/intel/compilers_and_libraries_2017.4.196/linux/mkl/lib/intel64_lin -L/opt/intel/compilers_and_libraries_2017.4.196/linux/compiler/lib/intel64_lin -L/opt/intel/compilers_and_libraries_2017.4.196/linux/ipp/lib/intel64 -L/opt/apps/gcc/5.4.0/lib/gcc/x86_64-unknown-linux-gnu/5.4.0/ -L/opt/apps/gcc/5.4.0/lib/gcc/x86_64-unknown-linux-gnu/5.4.0/../../../../lib64 -L/opt/apps/gcc/5.4.0/lib/gcc/x86_64-unknown-linux-gnu/5.4.0/../../../../lib64/ -L/lib/../lib64 -L/lib/../lib64/ -L/usr/lib/../lib64 -L/usr/lib/../lib64/ -L/opt/intel/compilers_and_libraries_2017.4.196/linux/tbb/lib/intel64_lin/gcc4.4/ -L/opt/intel/compilers_and_libraries_2017.4.196/linux/daal/lib/intel64_lin/ -L/opt/intel/compilers_and_libraries_2017.4.196/linux/tbb/lib/intel64/gcc4.7/ -L/opt/intel/compilers_and_libraries_2017.4.196/linux/mkl/lib/intel64_lin/ -L/opt/intel/compilers_and_libraries_2017.4.196/linux/compiler/lib/intel64_lin/ -L/opt/intel/compilers_and_libraries_2017.4.196/linux/ipp/lib/intel64/ -L/opt/apps/gcc/5.4.0/lib/gcc/x86_64-unknown-linux-gnu/5.4.0/../../../ -L/lib64 -L/lib/ -L/usr/lib64 -L/usr/lib -lmkl_intel_lp64 -lmkl_core -lmkl_intel_thread -liomp5 -lmpifort -lmpi -lmpigi -ldl -lrt -lpthread -lifport -lifcoremt -limf -lsvml -lm -lipgo -lirc -lirc_s'
ac_cv_fc_module_flag=-I
ac_cv_fc_module_output_flag='-mod '
ac_cv_header_dlfcn_h=yes
ac_cv_header_inttypes_h=yes
ac_cv_header_memory_h=yes
ac_cv_header_stdc=yes
ac_cv_header_stdint_h=yes
ac_cv_header_stdlib_h=yes
ac_cv_header_string_h=yes
ac_cv_header_strings_h=yes
ac_cv_header_sys_stat_h=yes
ac_cv_header_sys_types_h=yes
ac_cv_header_unistd_h=yes
ac_cv_host=x86_64-unknown-linux-gnu
ac_cv_objext=o
ac_cv_path_EGREP='/bin/grep -E'
ac_cv_path_FGREP='/bin/grep -F'
ac_cv_path_GREP=/bin/grep
ac_cv_path_SED=/bin/sed
ac_cv_path_ac_pt_DX_DOXYGEN=/bin/doxygen
ac_cv_path_ac_pt_DX_PERL=/bin/perl
ac_cv_path_install='/bin/install -c'
ac_cv_path_lt_DD=/bin/dd
ac_cv_path_mkdir=/bin/mkdir
ac_cv_prog_AR=xiar
ac_cv_prog_AWK=gawk
ac_cv_prog_CC=mpiicc
ac_cv_prog_CPP='mpiicc -E'
ac_cv_prog_FC=mpiifort
ac_cv_prog_MPI_BINARY=mpiexec.hydra
ac_cv_prog_STRIP=strip
ac_cv_prog_ac_ct_OBJDUMP=objdump
ac_cv_prog_ac_ct_RANLIB=ranlib
ac_cv_prog_ac_ct_STRIP=strip
ac_cv_prog_c_openmp=-fopenmp
ac_cv_prog_cc_c89=
ac_cv_prog_cc_g=yes
ac_cv_prog_fc_g=yes
ac_cv_prog_fc_openmp=-fopenmp
ac_cv_prog_fc_v=-v
ac_cv_prog_make_make_set=yes
am_cv_CCAS_dependencies_compiler_type=gcc3
am_cv_CC_dependencies_compiler_type=gcc3
am_cv_ar_interface=ar
am_cv_make_support_nested_variables=yes
am_cv_prog_cc_c_o=yes
lt_cv_ar_at_file=@
lt_cv_archive_cmds_need_lc=no
lt_cv_deplibs_check_method=pass_all
lt_cv_file_magic_cmd='$MAGIC_CMD'
lt_cv_file_magic_test_file=
lt_cv_ld_reload_flag=-r
lt_cv_nm_interface='BSD nm'
lt_cv_objdir=.libs
lt_cv_path_LD=/opt/apps/xalt/1.7/bin/ld
lt_cv_path_NM='/opt/apps/gcc/5.4.0/bin/nm -B'
lt_cv_path_mainfest_tool=no
lt_cv_prog_compiler_c_o=yes
lt_cv_prog_compiler_c_o_FC=yes
lt_cv_prog_compiler_pic='-fPIC -DPIC'
lt_cv_prog_compiler_pic_FC=-fPIC
lt_cv_prog_compiler_pic_works=yes
lt_cv_prog_compiler_pic_works_FC=yes
lt_cv_prog_compiler_rtti_exceptions=yes
lt_cv_prog_compiler_static_works=no
lt_cv_prog_compiler_static_works_FC=no
lt_cv_prog_gnu_ld=yes
lt_cv_sharedlib_from_linklib_cmd='printf %s\n'
lt_cv_shlibpath_overrides_runpath=yes
lt_cv_sys_global_symbol_pipe=
lt_cv_sys_global_symbol_to_c_name_address='sed -n -e '\''s/^: \(.*\) .*$/  {"\1", (void *) 0},/p'\'' -e '\''s/^[ABCDGIRSTW][ABCDGIRSTW]* .* \(.*\)$/  {"\1", (void *) \&\1},/p'\'''
lt_cv_sys_global_symbol_to_c_name_address_lib_prefix='sed -n -e '\''s/^: \(.*\) .*$/  {"\1", (void *) 0},/p'\'' -e '\''s/^[ABCDGIRSTW][ABCDGIRSTW]* .* \(lib.*\)$/  {"\1", (void *) \&\1},/p'\'' -e '\''s/^[ABCDGIRSTW][ABCDGIRSTW]* .* \(.*\)$/  {"lib\1", (void *) \&\1},/p'\'''
lt_cv_sys_global_symbol_to_cdecl=
lt_cv_sys_global_symbol_to_import=
lt_cv_sys_max_cmd_len=3458764513820540925
lt_cv_to_host_file_cmd=func_convert_file_noop
lt_cv_to_tool_file_cmd=func_convert_file_noop
lt_cv_truncate_bin='/bin/dd bs=4096 count=1'

## ----------------- ##
## Output variables. ##
## ----------------- ##

'
ACLOCAL='${SHELL} /home1/03672/tg829713/vojgroup/code/qe-6.1/elpa-2016.11.001.pre/missing aclocal-1.15'
AMDEPBACKSLASH='\'
AMDEP_FALSE='#'
AMDEP_TRUE=''
AMTAR='$${TAR-tar}'
AM_BACKSLASH='\'
AM_DEFAULT_V='$(AM_DEFAULT_VERBOSITY)'
AM_DEFAULT_VERBOSITY='0'
AM_V='$(V)'
AR='xiar'
AUTOCONF='${SHELL} /home1/03672/tg829713/vojgroup/code/qe-6.1/elpa-2016.11.001.pre/missing autoconf'
AUTOHEADER='${SHELL} /home1/03672/tg829713/vojgroup/code/qe-6.1/elpa-2016.11.001.pre/missing autoheader'
AUTOMAKE='${SHELL} /home1/03672/tg829713/vojgroup/code/qe-6.1/elpa-2016.11.001.pre/missing automake-1.15'
AWK='gawk'
CC='mpiicc'
CCAS='mpiicc'
CCASDEPMODE='depmode=gcc3'
CCASFLAGS='-fopenmp -O2 -xMIC-AVX512 -I/opt/intel/compilers_and_libraries_2017.4.196/linux/mkl/include -fp-model precise'
CCDEPMODE='depmode=gcc3'
CFLAGS='-fopenmp -O2 -xMIC-AVX512 -I/opt/intel/compilers_and_libraries_2017.4.196/linux/mkl/include -fp-model precise'
CLEANFILES +=
CPP='mpiicc -E'
CPPFLAGS=''
CYGPATH_W='echo'
DEFS='-DHAVE_CONFIG_H'
DEPDIR='.deps'
DLLTOOL='false'
DOXYGEN_OUTPUT_DIR='docs'
DOXYGEN_PAPER_SIZE=''
DSYMUTIL=''
DUMPBIN=''
DX_COND_chi_FALSE=''
DX_COND_chi_TRUE='#'
DX_COND_chm_FALSE=''
DX_COND_chm_TRUE='#'
DX_COND_doc_FALSE='#'
DX_COND_doc_TRUE=''
DX_COND_dot_FALSE=''
DX_COND_dot_TRUE='#'
DX_COND_html_FALSE='#'
DX_COND_html_TRUE=''
DX_COND_latex_FALSE=''
DX_COND_latex_TRUE='#'
DX_COND_man_FALSE='#'
DX_COND_man_TRUE=''
DX_COND_pdf_FALSE=''
DX_COND_pdf_TRUE='#'
DX_COND_ps_FALSE=''
DX_COND_ps_TRUE='#'
DX_COND_rtf_FALSE=''
DX_COND_rtf_TRUE='#'
DX_COND_xml_FALSE=''
DX_COND_xml_TRUE='#'
DX_CONFIG='Doxyfile'
DX_DOCDIR='docs'
DX_DOT=''
DX_DOXYGEN='/bin/doxygen'
DX_DVIPS=''
DX_EGREP=''
DX_ENV=' SRCDIR='\''.'\'' PROJECT='\''ELPA'\'' DOCDIR='\''docs'\'' VERSION='\''2016.11.001.pre'\'' PERL_PATH='\''/bin/perl'\'' HAVE_DOT='\''NO'\'' GENERATE_MAN='\''YES'\'' GENERATE_RTF='\''NO'\'' GENERATE_XML='\''NO'\'' GENERATE_HTMLHELP='\''NO'\'' GENERATE_CHI='\''NO'\'' GENERATE_HTML='\''YES'\'' GENERATE_LATEX='\''NO'\'''
DX_FLAG_chi='0'
DX_FLAG_chm='0'
DX_FLAG_doc='1'
DX_FLAG_dot='0'
DX_FLAG_html='1'
DX_FLAG_man='1'
DX_FLAG_pdf='0'
DX_FLAG_ps='0'
DX_FLAG_rtf='0'
DX_FLAG_xml='0'
DX_HHC=''
DX_LATEX=''
DX_MAKEINDEX=''
DX_PDFLATEX=''
DX_PERL='/bin/perl'
DX_PROJECT='ELPA'
ECHO_C=''
ECHO_N='-n'
ECHO_T=''
EGREP='/bin/grep -E'
ELPA_SO_VERSION='8:0:0'
EXEEXT=''
FC='mpiifort'
FCFLAGS='-fopenmp -O2 -xMIC-AVX512 -I/opt/intel/compilers_and_libraries_2017.4.196/linux/mkl/include -I/opt/intel/compilers_and_libraries_2017.4.196/linux/mkl/include/intel64/lp64 -threads -FR'
FCLIBS=' -L/opt/intel/compilers_and_libraries_2017.4.196/linux/mkl/lib/intel64 -L/opt/intel/compilers_and_libraries_2017.4.196/linux/mpi/intel64/lib/release_mt -L/opt/intel/compilers_and_libraries_2017.4.196/linux/mpi/intel64/lib -L/opt/intel/compilers_and_libraries_2017.4.196/linux/tbb/lib/intel64_lin/gcc4.4 -L/opt/intel/compilers_and_libraries_2017.4.196/linux/daal/lib/intel64_lin -L/opt/intel/compilers_and_libraries_2017.4.196/linux/tbb/lib/intel64/gcc4.7 -L/opt/intel/compilers_and_libraries_2017.4.196/linux/mkl/lib/intel64_lin -L/opt/intel/compilers_and_libraries_2017.4.196/linux/compiler/lib/intel64_lin -L/opt/intel/compilers_and_libraries_2017.4.196/linux/ipp/lib/intel64 -L/opt/apps/gcc/5.4.0/lib/gcc/x86_64-unknown-linux-gnu/5.4.0/ -L/opt/apps/gcc/5.4.0/lib/gcc/x86_64-unknown-linux-gnu/5.4.0/../../../../lib64 -L/opt/apps/gcc/5.4.0/lib/gcc/x86_64-unknown-linux-gnu/5.4.0/../../../../lib64/ -L/lib/../lib64 -L/lib/../lib64/ -L/usr/lib/../lib64 -L/usr/lib/../lib64/ -L/opt/intel/compilers_and_libraries_2017.4.196/linux/tbb/lib/intel64_lin/gcc4.4/ -L/opt/intel/compilers_and_libraries_2017.4.196/linux/daal/lib/intel64_lin/ -L/opt/intel/compilers_and_libraries_2017.4.196/linux/tbb/lib/intel64/gcc4.7/ -L/opt/intel/compilers_and_libraries_2017.4.196/linux/mkl/lib/intel64_lin/ -L/opt/intel/compilers_and_libraries_2017.4.196/linux/compiler/lib/intel64_lin/ -L/opt/intel/compilers_and_libraries_2017.4.196/linux/ipp/lib/intel64/ -L/opt/apps/gcc/5.4.0/lib/gcc/x86_64-unknown-linux-gnu/5.4.0/../../../ -L/lib64 -L/lib/ -L/usr/lib64 -L/usr/lib -lmkl_intel_lp64 -lmkl_core -lmkl_intel_thread -liomp5 -lmpifort -lmpi -lmpigi -ldl -lrt -lpthread -lifport -lifcoremt -limf -lsvml -lm -lipgo -lirc -lirc_s'
FC_MODINC='-I'
FC_MODOUT='-mod ${ac_empty}'
FGREP='/bin/grep -F'
FORTRAN_MODULE_DEPS='
GREP='/bin/grep'
HAVE_AVX2_FALSE='#'
HAVE_AVX2_TRUE=''
HAVE_AVX_FALSE='#'
HAVE_AVX_TRUE=''
HAVE_DETAILED_TIMINGS_FALSE=''
HAVE_DETAILED_TIMINGS_TRUE='#'
HAVE_REDIRECT_FALSE=''
HAVE_REDIRECT_TRUE='#'
HAVE_SSE_ASSEMBLY_FALSE='#'
HAVE_SSE_ASSEMBLY_TRUE=''
HAVE_SSE_INTRINSICS_FALSE='#'
HAVE_SSE_INTRINSICS_TRUE=''
INSTALL_DATA='${INSTALL} -m 644'
INSTALL_PROGRAM='${INSTALL}'
INSTALL_SCRIPT='${INSTALL}'
INSTALL_STRIP_PROGRAM='$(install_sh) -c -s'
LD='/opt/apps/xalt/1.7/bin/ld'
LDFLAGS='-L/opt/intel/compilers_and_libraries_2017.4.196/linux/mkl/lib/intel64'
LIBOBJS=''
LIBS='-lmkl_intel_lp64 -lmkl_core -lmkl_intel_thread -Wl,--as-needed -liomp5 -Wl,--no-as-needed'
LIBTOOL='$(SHELL) $(top_builddir)/libtool'
LIPO=''
LN_S='ln -s'
LTLIBOBJS=''
LT_SYS_LIBRARY_PATH=''
MAINT='#'
MAINTAINER_MODE_FALSE=''
MAINTAINER_MODE_TRUE='#'
MAKEINFO='${SHELL} /home1/03672/tg829713/vojgroup/code/qe-6.1/elpa-2016.11.001.pre/missing makeinfo'
MANIFEST_TOOL=':'
MKDIR_P='/bin/mkdir -p'
MPI_BINARY='mpiexec.hydra'
NM='/opt/apps/gcc/5.4.0/bin/nm -B'
NMEDIT=''
NVCC=''
NVCCFLAGS=''
OBJDUMP='objdump'
OBJEXT='o'
OPENMP_CFLAGS='-fopenmp'
OPENMP_FCFLAGS='-fopenmp'
OPENMP_LDFLAGS=''
OTOOL64=''
OTOOL=''
PACKAGE='elpa'
PACKAGE_BUGREPORT='elpa-library@mpcdf.mpg.de'
PACKAGE_NAME='elpa'
PACKAGE_STRING='elpa 2016.11.001.pre'
PACKAGE_TARNAME='elpa'
PACKAGE_URL=''
PACKAGE_VERSION='2016.11.001.pre'
PATH_SEPARATOR=':'
PKG_CONFIG_FILE='elpa_openmp-2016.11.001.pre.pc'
RANLIB='ranlib'
SCALAPACK_FCFLAGS=''
SCALAPACK_LDFLAGS='-lmkl_scalapack_lp64 -lmkl_blacs_intelmpi_lp64'
SED='/bin/sed'
SET_MAKE=''
SHELL='/bin/sh'
STRIP='strip'
SUFFIX='_openmp'
VERSION='2016.11.001.pre'
WANT_SINGLE_PRECISION_COMPLEX_FALSE=''
WANT_SINGLE_PRECISION_COMPLEX_TRUE='#'
WANT_SINGLE_PRECISION_REAL_FALSE=''
WANT_SINGLE_PRECISION_REAL_TRUE='#'
WITH_BLACS=''
WITH_COMPLEX_AVX2_BLOCK1_KERNEL_FALSE='#'
WITH_COMPLEX_AVX2_BLOCK1_KERNEL_TRUE=''
WITH_COMPLEX_AVX2_BLOCK2_KERNEL_FALSE='#'
WITH_COMPLEX_AVX2_BLOCK2_KERNEL_TRUE=''
WITH_COMPLEX_AVX_BLOCK1_KERNEL_FALSE='#'
WITH_COMPLEX_AVX_BLOCK1_KERNEL_TRUE=''
WITH_COMPLEX_AVX_BLOCK2_KERNEL_FALSE='#'
WITH_COMPLEX_AVX_BLOCK2_KERNEL_TRUE=''
WITH_COMPLEX_GENERIC_KERNEL_FALSE='#'
WITH_COMPLEX_GENERIC_KERNEL_TRUE=''
WITH_COMPLEX_GENERIC_SIMPLE_KERNEL_FALSE='#'
WITH_COMPLEX_GENERIC_SIMPLE_KERNEL_TRUE=''
WITH_COMPLEX_SSE_ASSEMBLY_KERNEL_FALSE='#'
WITH_COMPLEX_SSE_ASSEMBLY_KERNEL_TRUE=''
WITH_COMPLEX_SSE_BLOCK1_KERNEL_FALSE='#'
WITH_COMPLEX_SSE_BLOCK1_KERNEL_TRUE=''
WITH_COMPLEX_SSE_BLOCK2_KERNEL_FALSE='#'
WITH_COMPLEX_SSE_BLOCK2_KERNEL_TRUE=''
WITH_GPU_VERSION_FALSE=''
WITH_GPU_VERSION_TRUE='#'
WITH_MKL='1'
WITH_MPI_FALSE='#'
WITH_MPI_TRUE=''
WITH_OPENMP_FALSE='#'
WITH_OPENMP_TRUE=''
WITH_REAL_AVX2_BLOCK2_KERNEL_FALSE='#'
WITH_REAL_AVX2_BLOCK2_KERNEL_TRUE=''
WITH_REAL_AVX2_BLOCK4_KERNEL_FALSE='#'
WITH_REAL_AVX2_BLOCK4_KERNEL_TRUE=''
WITH_REAL_AVX2_BLOCK6_KERNEL_FALSE='#'
WITH_REAL_AVX2_BLOCK6_KERNEL_TRUE=''
WITH_REAL_AVX_BLOCK2_KERNEL_FALSE='#'
WITH_REAL_AVX_BLOCK2_KERNEL_TRUE=''
WITH_REAL_AVX_BLOCK4_KERNEL_FALSE='#'
WITH_REAL_AVX_BLOCK4_KERNEL_TRUE=''
WITH_REAL_AVX_BLOCK6_KERNEL_FALSE='#'
WITH_REAL_AVX_BLOCK6_KERNEL_TRUE=''
WITH_REAL_BGP_KERNEL_FALSE=''
WITH_REAL_BGP_KERNEL_TRUE='#'
WITH_REAL_BGQ_KERNEL_FALSE=''
WITH_REAL_BGQ_KERNEL_TRUE='#'
WITH_REAL_GENERIC_KERNEL_FALSE='#'
WITH_REAL_GENERIC_KERNEL_TRUE=''
WITH_REAL_GENERIC_SIMPLE_KERNEL_FALSE='#'
WITH_REAL_GENERIC_SIMPLE_KERNEL_TRUE=''
WITH_REAL_SSE_ASSEMBLY_KERNEL_FALSE='#'
WITH_REAL_SSE_ASSEMBLY_KERNEL_TRUE=''
WITH_REAL_SSE_BLOCK2_KERNEL_FALSE='#'
WITH_REAL_SSE_BLOCK2_KERNEL_TRUE=''
WITH_REAL_SSE_BLOCK4_KERNEL_FALSE='#'
WITH_REAL_SSE_BLOCK4_KERNEL_TRUE=''
WITH_REAL_SSE_BLOCK6_KERNEL_FALSE='#'
WITH_REAL_SSE_BLOCK6_KERNEL_TRUE=''
WITH_USE_ASSUMED_SIZE_FALSE='#'
WITH_USE_ASSUMED_SIZE_TRUE=''
ac_ct_AR=''
ac_ct_CC=''
ac_ct_DUMPBIN=''
ac_ct_FC=''
ac_empty=''
am__EXEEXT_FALSE=''
am__EXEEXT_TRUE='#'
am__fastdepCCAS_FALSE='#'
am__fastdepCCAS_TRUE=''
am__fastdepCC_FALSE='#'
am__fastdepCC_TRUE=''
am__include='include'
am__isrc=''
am__leading_dot='.'
am__nodep='_no'
am__quote=''
am__tar='$${TAR-tar} chof - "$$tardir"'
am__untar='$${TAR-tar} xf -'
bindir='${exec_prefix}/bin'
build='x86_64-unknown-linux-gnu'
build_alias=''
build_cpu='x86_64'
build_os='linux-gnu'
build_vendor='unknown'
datadir='${datarootdir}'
datarootdir='${prefix}/share'
docdir='${datarootdir}/doc/${PACKAGE_TARNAME}'
dvidir='${docdir}'
exec_prefix='${prefix}'
host='x86_64-unknown-linux-gnu'
host_alias='x86_64-unknown-linux-gnu'
host_cpu='x86_64'
host_os='linux-gnu'
host_vendor='unknown'
htmldir='${docdir}'
ifGNUmake=''
include ./fdep/fortran_dependencies.mk
includedir='${prefix}/include'
infodir='${datarootdir}/info'
install_sh='${SHELL} /home1/03672/tg829713/vojgroup/code/qe-6.1/elpa-2016.11.001.pre/install-sh'
libdir='${exec_prefix}/lib'
libexecdir='${exec_prefix}/libexec'
localedir='${datarootdir}/locale'
localstatedir='${prefix}/var'
mandir='${datarootdir}/man'
mkdir_p='$(MKDIR_P)'
nvcc_found=''
oldincludedir='/usr/include'
pdfdir='${docdir}'
prefix='/home1/03672/tg829713/vojgroup/code/qe-6.1/elpa-2016.11.001.pre/ELPA_201611001pre'
program_transform_name='s,x,x,'
psdir='${docdir}'
sbindir='${exec_prefix}/sbin'
sharedstatedir='${prefix}/com'
sysconfdir='${prefix}/etc'
target_alias=''
with_amd_bulldozer_kernel=''

## ----------- ##
## confdefs.h. ##
## ----------- ##

/* confdefs.h */
#define PACKAGE_NAME "elpa"
#define PACKAGE_TARNAME "elpa"
#define PACKAGE_VERSION "2016.11.001.pre"
#define PACKAGE_STRING "elpa 2016.11.001.pre"
#define PACKAGE_BUGREPORT "elpa-library@mpcdf.mpg.de"
#define PACKAGE_URL ""
#define PACKAGE "elpa"
#define VERSION "2016.11.001.pre"
#define WITH_OPENMP 1
#define WITH_MPI 1
#define HAVE_SSE_ASSEMBLY 1
#define HAVE_SSE_INTRINSICS 1
#define HAVE_AVX 1
#define HAVE_AVX2 1
#define HAVE_ENVIRONMENT_CHECKING 1
#define HAVE_MPI_MODULE 1
#define HAVE_ISO_FORTRAN_ENV 1
#define WITH_REAL_GENERIC_KERNEL 1
#define WITH_COMPLEX_GENERIC_KERNEL 1
#define WITH_REAL_GENERIC_SIMPLE_KERNEL 1
#define WITH_COMPLEX_GENERIC_SIMPLE_KERNEL 1
#define WITH_REAL_SSE_ASSEMBLY_KERNEL 1
#define WITH_COMPLEX_SSE_ASSEMBLY_KERNEL 1
#define WITH_REAL_SSE_BLOCK2_KERNEL 1
#define WITH_REAL_SSE_BLOCK4_KERNEL 1
#define WITH_REAL_SSE_BLOCK6_KERNEL 1
#define WITH_REAL_AVX_BLOCK2_KERNEL 1
#define WITH_REAL_AVX_BLOCK4_KERNEL 1
#define WITH_REAL_AVX_BLOCK6_KERNEL 1
#define WITH_REAL_AVX2_BLOCK2_KERNEL 1
#define WITH_REAL_AVX2_BLOCK4_KERNEL 1
#define WITH_REAL_AVX2_BLOCK6_KERNEL 1
#define WITH_COMPLEX_SSE_BLOCK1_KERNEL 1
#define WITH_COMPLEX_SSE_BLOCK2_KERNEL 1
#define WITH_COMPLEX_AVX_BLOCK1_KERNEL 1
#define WITH_COMPLEX_AVX_BLOCK2_KERNEL 1
#define WITH_COMPLEX_AVX2_BLOCK1_KERNEL 1
#define WITH_COMPLEX_AVX2_BLOCK2_KERNEL 1
#define WITH_NO_SPECIFIC_COMPLEX_KERNEL 1
#define WITH_NO_SPECIFIC_REAL_KERNEL 1
#define STDC_HEADERS 1
#define HAVE_SYS_TYPES_H 1
#define HAVE_SYS_STAT_H 1
#define HAVE_STDLIB_H 1
#define HAVE_STRING_H 1
#define HAVE_MEMORY_H 1
#define HAVE_STRINGS_H 1
#define HAVE_INTTYPES_H 1
#define HAVE_STDINT_H 1
#define HAVE_UNISTD_H 1
#define HAVE_DLFCN_H 1
#define LT_OBJDIR ".libs/"
#define USE_ASSUMED_SIZE 1

configure: exit 0
